2025-07-08 10:19:42 +09:00: 2025-07-08 10:19:43 +09:00: 2025-07-08 10:19:43 +09:00: 2025-07-08 10:19:44 +09:00: 2025-07-08 10:19:44 +09:00: 2025-07-08 10:19:45 +09:00: 2025-07-08 10:19:45 +09:00: 2025-07-08 10:19:46 +09:00: 2025-07-08 10:19:46 +09:00: 2025-07-08 10:19:47 +09:00: 2025-07-08 10:19:47 +09:00: 2025-07-08 10:19:48 +09:00: 2025-07-08 10:19:48 +09:00: 2025-07-08 10:19:49 +09:00: 2025-07-08 10:19:49 +09:00: 2025-07-08 10:19:50 +09:00: 2025-07-08 10:20:44 +09:00: 2025-07-08 10:20:45 +09:00: 2025-07-08 10:20:45 +09:00: 2025-07-08 10:20:45 +09:00: 2025-07-08 10:20:46 +09:00: 2025-07-08 10:20:46 +09:00: 2025-07-08 10:20:47 +09:00: 2025-07-08 10:20:47 +09:00: 2025-07-08 10:20:48 +09:00: 2025-07-08 10:20:48 +09:00: 2025-07-08 10:20:49 +09:00: 2025-07-08 10:20:49 +09:00: 2025-07-08 10:20:50 +09:00: 2025-07-08 10:20:50 +09:00: 2025-07-08 10:20:51 +09:00: 2025-07-08 10:20:51 +09:00: 2025-07-08 10:21:11 +09:00:  ⨯ Failed to start server
2025-07-08 10:21:11 +09:00: Error: listen EADDRINUSE: address already in use 0.0.0.0:13001
2025-07-08 10:21:11 +09:00:     at Server.setupListenHandle [as _listen2] (node:net:1939:16)
2025-07-08 10:21:11 +09:00:     at listenInCluster (node:net:1996:12)
2025-07-08 10:21:11 +09:00:     at node:net:2205:7
2025-07-08 10:21:11 +09:00:     at process.processTicksAndRejections (node:internal/process/task_queues:90:21) {
2025-07-08 10:21:11 +09:00:   code: 'EADDRINUSE',
2025-07-08 10:21:11 +09:00:   errno: -98,
2025-07-08 10:21:11 +09:00:   syscall: 'listen',
2025-07-08 10:21:11 +09:00:   address: '0.0.0.0',
2025-07-08 10:21:11 +09:00:   port: 13001
2025-07-08 10:21:11 +09:00: }
2025-07-08 10:21:11 +09:00:  ⨯ Failed to start server
2025-07-08 10:21:11 +09:00: Error: listen EADDRINUSE: address already in use 0.0.0.0:13001
2025-07-08 10:21:11 +09:00:     at Server.setupListenHandle [as _listen2] (node:net:1939:16)
2025-07-08 10:21:11 +09:00:     at listenInCluster (node:net:1996:12)
2025-07-08 10:21:11 +09:00:     at node:net:2205:7
2025-07-08 10:21:11 +09:00:     at process.processTicksAndRejections (node:internal/process/task_queues:90:21) {
2025-07-08 10:21:11 +09:00:   code: 'EADDRINUSE',
2025-07-08 10:21:11 +09:00:   errno: -98,
2025-07-08 10:21:11 +09:00:   syscall: 'listen',
2025-07-08 10:21:11 +09:00:   address: '0.0.0.0',
2025-07-08 10:21:11 +09:00:   port: 13001
2025-07-08 10:21:11 +09:00: }
2025-07-08 10:21:12 +09:00:  ⨯ Failed to start server
2025-07-08 10:21:12 +09:00: Error: listen EADDRINUSE: address already in use 0.0.0.0:13001
2025-07-08 10:21:12 +09:00:     at Server.setupListenHandle [as _listen2] (node:net:1939:16)
2025-07-08 10:21:12 +09:00:     at listenInCluster (node:net:1996:12)
2025-07-08 10:21:12 +09:00:     at node:net:2205:7
2025-07-08 10:21:12 +09:00:     at process.processTicksAndRejections (node:internal/process/task_queues:90:21) {
2025-07-08 10:21:12 +09:00:   code: 'EADDRINUSE',
2025-07-08 10:21:12 +09:00:   errno: -98,
2025-07-08 10:21:12 +09:00:   syscall: 'listen',
2025-07-08 10:21:12 +09:00:   address: '0.0.0.0',
2025-07-08 10:21:12 +09:00:   port: 13001
2025-07-08 10:21:12 +09:00: }
2025-07-08 10:21:12 +09:00:  ⨯ Failed to start server
2025-07-08 10:21:12 +09:00: Error: listen EADDRINUSE: address already in use 0.0.0.0:13001
2025-07-08 10:21:12 +09:00:     at Server.setupListenHandle [as _listen2] (node:net:1939:16)
2025-07-08 10:21:12 +09:00:     at listenInCluster (node:net:1996:12)
2025-07-08 10:21:12 +09:00:     at node:net:2205:7
2025-07-08 10:21:12 +09:00:     at process.processTicksAndRejections (node:internal/process/task_queues:90:21) {
2025-07-08 10:21:12 +09:00:   code: 'EADDRINUSE',
2025-07-08 10:21:12 +09:00:   errno: -98,
2025-07-08 10:21:12 +09:00:   syscall: 'listen',
2025-07-08 10:21:12 +09:00:   address: '0.0.0.0',
2025-07-08 10:21:12 +09:00:   port: 13001
2025-07-08 10:21:12 +09:00: }
2025-07-08 10:21:13 +09:00:  ⨯ Failed to start server
2025-07-08 10:21:13 +09:00: Error: listen EADDRINUSE: address already in use 0.0.0.0:13001
2025-07-08 10:21:13 +09:00:     at Server.setupListenHandle [as _listen2] (node:net:1939:16)
2025-07-08 10:21:13 +09:00:     at listenInCluster (node:net:1996:12)
2025-07-08 10:21:13 +09:00:     at node:net:2205:7
2025-07-08 10:21:13 +09:00:     at process.processTicksAndRejections (node:internal/process/task_queues:90:21) {
2025-07-08 10:21:13 +09:00:   code: 'EADDRINUSE',
2025-07-08 10:21:13 +09:00:   errno: -98,
2025-07-08 10:21:13 +09:00:   syscall: 'listen',
2025-07-08 10:21:13 +09:00:   address: '0.0.0.0',
2025-07-08 10:21:13 +09:00:   port: 13001
2025-07-08 10:21:13 +09:00: }
2025-07-08 10:21:13 +09:00:  ⨯ Failed to start server
2025-07-08 10:21:13 +09:00: Error: listen EADDRINUSE: address already in use 0.0.0.0:13001
2025-07-08 10:21:13 +09:00:     at Server.setupListenHandle [as _listen2] (node:net:1939:16)
2025-07-08 10:21:13 +09:00:     at listenInCluster (node:net:1996:12)
2025-07-08 10:21:13 +09:00:     at node:net:2205:7
2025-07-08 10:21:13 +09:00:     at process.processTicksAndRejections (node:internal/process/task_queues:90:21) {
2025-07-08 10:21:13 +09:00:   code: 'EADDRINUSE',
2025-07-08 10:21:13 +09:00:   errno: -98,
2025-07-08 10:21:13 +09:00:   syscall: 'listen',
2025-07-08 10:21:13 +09:00:   address: '0.0.0.0',
2025-07-08 10:21:13 +09:00:   port: 13001
2025-07-08 10:21:13 +09:00: }
2025-07-08 10:21:14 +09:00:  ⨯ Failed to start server
2025-07-08 10:21:14 +09:00: Error: listen EADDRINUSE: address already in use 0.0.0.0:13001
2025-07-08 10:21:14 +09:00:     at Server.setupListenHandle [as _listen2] (node:net:1939:16)
2025-07-08 10:21:14 +09:00:     at listenInCluster (node:net:1996:12)
2025-07-08 10:21:14 +09:00:     at node:net:2205:7
2025-07-08 10:21:14 +09:00:     at process.processTicksAndRejections (node:internal/process/task_queues:90:21) {
2025-07-08 10:21:14 +09:00:   code: 'EADDRINUSE',
2025-07-08 10:21:14 +09:00:   errno: -98,
2025-07-08 10:21:14 +09:00:   syscall: 'listen',
2025-07-08 10:21:14 +09:00:   address: '0.0.0.0',
2025-07-08 10:21:14 +09:00:   port: 13001
2025-07-08 10:21:14 +09:00: }
2025-07-08 10:21:14 +09:00:  ⨯ Failed to start server
2025-07-08 10:21:14 +09:00: Error: listen EADDRINUSE: address already in use 0.0.0.0:13001
2025-07-08 10:21:14 +09:00:     at Server.setupListenHandle [as _listen2] (node:net:1939:16)
2025-07-08 10:21:14 +09:00:     at listenInCluster (node:net:1996:12)
2025-07-08 10:21:14 +09:00:     at node:net:2205:7
2025-07-08 10:21:14 +09:00:     at process.processTicksAndRejections (node:internal/process/task_queues:90:21) {
2025-07-08 10:21:14 +09:00:   code: 'EADDRINUSE',
2025-07-08 10:21:14 +09:00:   errno: -98,
2025-07-08 10:21:14 +09:00:   syscall: 'listen',
2025-07-08 10:21:14 +09:00:   address: '0.0.0.0',
2025-07-08 10:21:14 +09:00:   port: 13001
2025-07-08 10:21:14 +09:00: }
2025-07-08 10:21:14 +09:00:  ⨯ Failed to start server
2025-07-08 10:21:14 +09:00: Error: listen EADDRINUSE: address already in use 0.0.0.0:13001
2025-07-08 10:21:14 +09:00:     at Server.setupListenHandle [as _listen2] (node:net:1939:16)
2025-07-08 10:21:14 +09:00:     at listenInCluster (node:net:1996:12)
2025-07-08 10:21:14 +09:00:     at node:net:2205:7
2025-07-08 10:21:14 +09:00:     at process.processTicksAndRejections (node:internal/process/task_queues:90:21) {
2025-07-08 10:21:14 +09:00:   code: 'EADDRINUSE',
2025-07-08 10:21:14 +09:00:   errno: -98,
2025-07-08 10:21:14 +09:00:   syscall: 'listen',
2025-07-08 10:21:14 +09:00:   address: '0.0.0.0',
2025-07-08 10:21:14 +09:00:   port: 13001
2025-07-08 10:21:14 +09:00: }
2025-07-08 10:21:15 +09:00:  ⨯ Failed to start server
2025-07-08 10:21:15 +09:00: Error: listen EADDRINUSE: address already in use 0.0.0.0:13001
2025-07-08 10:21:15 +09:00:     at Server.setupListenHandle [as _listen2] (node:net:1939:16)
2025-07-08 10:21:15 +09:00:     at listenInCluster (node:net:1996:12)
2025-07-08 10:21:15 +09:00:     at node:net:2205:7
2025-07-08 10:21:15 +09:00:     at process.processTicksAndRejections (node:internal/process/task_queues:90:21) {
2025-07-08 10:21:15 +09:00:   code: 'EADDRINUSE',
2025-07-08 10:21:15 +09:00:   errno: -98,
2025-07-08 10:21:15 +09:00:   syscall: 'listen',
2025-07-08 10:21:15 +09:00:   address: '0.0.0.0',
2025-07-08 10:21:15 +09:00:   port: 13001
2025-07-08 10:21:15 +09:00: }
2025-07-08 10:21:15 +09:00:  ⨯ Failed to start server
2025-07-08 10:21:15 +09:00: Error: listen EADDRINUSE: address already in use 0.0.0.0:13001
2025-07-08 10:21:15 +09:00:     at Server.setupListenHandle [as _listen2] (node:net:1939:16)
2025-07-08 10:21:15 +09:00:     at listenInCluster (node:net:1996:12)
2025-07-08 10:21:15 +09:00:     at node:net:2205:7
2025-07-08 10:21:15 +09:00:     at process.processTicksAndRejections (node:internal/process/task_queues:90:21) {
2025-07-08 10:21:15 +09:00:   code: 'EADDRINUSE',
2025-07-08 10:21:15 +09:00:   errno: -98,
2025-07-08 10:21:15 +09:00:   syscall: 'listen',
2025-07-08 10:21:15 +09:00:   address: '0.0.0.0',
2025-07-08 10:21:15 +09:00:   port: 13001
2025-07-08 10:21:15 +09:00: }
2025-07-08 10:21:16 +09:00:  ⨯ Failed to start server
2025-07-08 10:21:16 +09:00: Error: listen EADDRINUSE: address already in use 0.0.0.0:13001
2025-07-08 10:21:16 +09:00:     at Server.setupListenHandle [as _listen2] (node:net:1939:16)
2025-07-08 10:21:16 +09:00:     at listenInCluster (node:net:1996:12)
2025-07-08 10:21:16 +09:00:     at node:net:2205:7
2025-07-08 10:21:16 +09:00:     at process.processTicksAndRejections (node:internal/process/task_queues:90:21) {
2025-07-08 10:21:16 +09:00:   code: 'EADDRINUSE',
2025-07-08 10:21:16 +09:00:   errno: -98,
2025-07-08 10:21:16 +09:00:   syscall: 'listen',
2025-07-08 10:21:16 +09:00:   address: '0.0.0.0',
2025-07-08 10:21:16 +09:00:   port: 13001
2025-07-08 10:21:16 +09:00: }
2025-07-08 10:21:16 +09:00:  ⨯ Failed to start server
2025-07-08 10:21:16 +09:00: Error: listen EADDRINUSE: address already in use 0.0.0.0:13001
2025-07-08 10:21:16 +09:00:     at Server.setupListenHandle [as _listen2] (node:net:1939:16)
2025-07-08 10:21:16 +09:00:     at listenInCluster (node:net:1996:12)
2025-07-08 10:21:16 +09:00:     at node:net:2205:7
2025-07-08 10:21:16 +09:00:     at process.processTicksAndRejections (node:internal/process/task_queues:90:21) {
2025-07-08 10:21:16 +09:00:   code: 'EADDRINUSE',
2025-07-08 10:21:16 +09:00:   errno: -98,
2025-07-08 10:21:16 +09:00:   syscall: 'listen',
2025-07-08 10:21:16 +09:00:   address: '0.0.0.0',
2025-07-08 10:21:16 +09:00:   port: 13001
2025-07-08 10:21:16 +09:00: }
2025-07-08 10:21:17 +09:00:  ⨯ Failed to start server
2025-07-08 10:21:17 +09:00: Error: listen EADDRINUSE: address already in use 0.0.0.0:13001
2025-07-08 10:21:17 +09:00:     at Server.setupListenHandle [as _listen2] (node:net:1939:16)
2025-07-08 10:21:17 +09:00:     at listenInCluster (node:net:1996:12)
2025-07-08 10:21:17 +09:00:     at node:net:2205:7
2025-07-08 10:21:17 +09:00:     at process.processTicksAndRejections (node:internal/process/task_queues:90:21) {
2025-07-08 10:21:17 +09:00:   code: 'EADDRINUSE',
2025-07-08 10:21:17 +09:00:   errno: -98,
2025-07-08 10:21:17 +09:00:   syscall: 'listen',
2025-07-08 10:21:17 +09:00:   address: '0.0.0.0',
2025-07-08 10:21:17 +09:00:   port: 13001
2025-07-08 10:21:17 +09:00: }
2025-07-08 10:21:17 +09:00:  ⨯ Failed to start server
2025-07-08 10:21:17 +09:00: Error: listen EADDRINUSE: address already in use 0.0.0.0:13001
2025-07-08 10:21:17 +09:00:     at Server.setupListenHandle [as _listen2] (node:net:1939:16)
2025-07-08 10:21:17 +09:00:     at listenInCluster (node:net:1996:12)
2025-07-08 10:21:17 +09:00:     at node:net:2205:7
2025-07-08 10:21:17 +09:00:     at process.processTicksAndRejections (node:internal/process/task_queues:90:21) {
2025-07-08 10:21:17 +09:00:   code: 'EADDRINUSE',
2025-07-08 10:21:17 +09:00:   errno: -98,
2025-07-08 10:21:17 +09:00:   syscall: 'listen',
2025-07-08 10:21:17 +09:00:   address: '0.0.0.0',
2025-07-08 10:21:17 +09:00:   port: 13001
2025-07-08 10:21:17 +09:00: }
2025-07-08 10:21:18 +09:00:  ⨯ Failed to start server
2025-07-08 10:21:18 +09:00: Error: listen EADDRINUSE: address already in use 0.0.0.0:13001
2025-07-08 10:21:18 +09:00:     at Server.setupListenHandle [as _listen2] (node:net:1939:16)
2025-07-08 10:21:18 +09:00:     at listenInCluster (node:net:1996:12)
2025-07-08 10:21:18 +09:00:     at node:net:2205:7
2025-07-08 10:21:18 +09:00:     at process.processTicksAndRejections (node:internal/process/task_queues:90:21) {
2025-07-08 10:21:18 +09:00:   code: 'EADDRINUSE',
2025-07-08 10:21:18 +09:00:   errno: -98,
2025-07-08 10:21:18 +09:00:   syscall: 'listen',
2025-07-08 10:21:18 +09:00:   address: '0.0.0.0',
2025-07-08 10:21:18 +09:00:   port: 13001
2025-07-08 10:21:18 +09:00: }
2025-07-08 12:03:44 +09:00:  ⨯ Failed to start server
2025-07-08 12:03:44 +09:00: Error: listen EADDRINUSE: address already in use 0.0.0.0:13001
2025-07-08 12:03:44 +09:00:     at Server.setupListenHandle [as _listen2] (node:net:1939:16)
2025-07-08 12:03:44 +09:00:     at listenInCluster (node:net:1996:12)
2025-07-08 12:03:44 +09:00:     at node:net:2205:7
2025-07-08 12:03:44 +09:00:     at process.processTicksAndRejections (node:internal/process/task_queues:90:21) {
2025-07-08 12:03:44 +09:00:   code: 'EADDRINUSE',
2025-07-08 12:03:44 +09:00:   errno: -98,
2025-07-08 12:03:44 +09:00:   syscall: 'listen',
2025-07-08 12:03:44 +09:00:   address: '0.0.0.0',
2025-07-08 12:03:44 +09:00:   port: 13001
2025-07-08 12:03:44 +09:00: }
2025-07-08 12:03:44 +09:00:  ⨯ Failed to start server
2025-07-08 12:03:44 +09:00: Error: listen EADDRINUSE: address already in use 0.0.0.0:13001
2025-07-08 12:03:44 +09:00:     at Server.setupListenHandle [as _listen2] (node:net:1939:16)
2025-07-08 12:03:44 +09:00:     at listenInCluster (node:net:1996:12)
2025-07-08 12:03:44 +09:00:     at node:net:2205:7
2025-07-08 12:03:44 +09:00:     at process.processTicksAndRejections (node:internal/process/task_queues:90:21) {
2025-07-08 12:03:44 +09:00:   code: 'EADDRINUSE',
2025-07-08 12:03:44 +09:00:   errno: -98,
2025-07-08 12:03:44 +09:00:   syscall: 'listen',
2025-07-08 12:03:44 +09:00:   address: '0.0.0.0',
2025-07-08 12:03:44 +09:00:   port: 13001
2025-07-08 12:03:44 +09:00: }
2025-07-08 12:03:45 +09:00:  ⨯ Failed to start server
2025-07-08 12:03:45 +09:00: Error: listen EADDRINUSE: address already in use 0.0.0.0:13001
2025-07-08 12:03:45 +09:00:     at Server.setupListenHandle [as _listen2] (node:net:1939:16)
2025-07-08 12:03:45 +09:00:     at listenInCluster (node:net:1996:12)
2025-07-08 12:03:45 +09:00:     at node:net:2205:7
2025-07-08 12:03:45 +09:00:     at process.processTicksAndRejections (node:internal/process/task_queues:90:21) {
2025-07-08 12:03:45 +09:00:   code: 'EADDRINUSE',
2025-07-08 12:03:45 +09:00:   errno: -98,
2025-07-08 12:03:45 +09:00:   syscall: 'listen',
2025-07-08 12:03:45 +09:00:   address: '0.0.0.0',
2025-07-08 12:03:45 +09:00:   port: 13001
2025-07-08 12:03:45 +09:00: }
2025-07-08 12:03:45 +09:00:  ⨯ Failed to start server
2025-07-08 12:03:45 +09:00: Error: listen EADDRINUSE: address already in use 0.0.0.0:13001
2025-07-08 12:03:45 +09:00:     at Server.setupListenHandle [as _listen2] (node:net:1939:16)
2025-07-08 12:03:45 +09:00:     at listenInCluster (node:net:1996:12)
2025-07-08 12:03:45 +09:00:     at node:net:2205:7
2025-07-08 12:03:45 +09:00:     at process.processTicksAndRejections (node:internal/process/task_queues:90:21) {
2025-07-08 12:03:45 +09:00:   code: 'EADDRINUSE',
2025-07-08 12:03:45 +09:00:   errno: -98,
2025-07-08 12:03:45 +09:00:   syscall: 'listen',
2025-07-08 12:03:45 +09:00:   address: '0.0.0.0',
2025-07-08 12:03:45 +09:00:   port: 13001
2025-07-08 12:03:45 +09:00: }
2025-07-08 12:03:46 +09:00:  ⨯ Failed to start server
2025-07-08 12:03:46 +09:00: Error: listen EADDRINUSE: address already in use 0.0.0.0:13001
2025-07-08 12:03:46 +09:00:     at Server.setupListenHandle [as _listen2] (node:net:1939:16)
2025-07-08 12:03:46 +09:00:     at listenInCluster (node:net:1996:12)
2025-07-08 12:03:46 +09:00:     at node:net:2205:7
2025-07-08 12:03:46 +09:00:     at process.processTicksAndRejections (node:internal/process/task_queues:90:21) {
2025-07-08 12:03:46 +09:00:   code: 'EADDRINUSE',
2025-07-08 12:03:46 +09:00:   errno: -98,
2025-07-08 12:03:46 +09:00:   syscall: 'listen',
2025-07-08 12:03:46 +09:00:   address: '0.0.0.0',
2025-07-08 12:03:46 +09:00:   port: 13001
2025-07-08 12:03:46 +09:00: }
2025-07-08 12:03:46 +09:00:  ⨯ Failed to start server
2025-07-08 12:03:46 +09:00: Error: listen EADDRINUSE: address already in use 0.0.0.0:13001
2025-07-08 12:03:46 +09:00:     at Server.setupListenHandle [as _listen2] (node:net:1939:16)
2025-07-08 12:03:46 +09:00:     at listenInCluster (node:net:1996:12)
2025-07-08 12:03:46 +09:00:     at node:net:2205:7
2025-07-08 12:03:46 +09:00:     at process.processTicksAndRejections (node:internal/process/task_queues:90:21) {
2025-07-08 12:03:46 +09:00:   code: 'EADDRINUSE',
2025-07-08 12:03:46 +09:00:   errno: -98,
2025-07-08 12:03:46 +09:00:   syscall: 'listen',
2025-07-08 12:03:46 +09:00:   address: '0.0.0.0',
2025-07-08 12:03:46 +09:00:   port: 13001
2025-07-08 12:03:46 +09:00: }
2025-07-08 12:03:47 +09:00:  ⨯ Failed to start server
2025-07-08 12:03:47 +09:00: Error: listen EADDRINUSE: address already in use 0.0.0.0:13001
2025-07-08 12:03:47 +09:00:     at Server.setupListenHandle [as _listen2] (node:net:1939:16)
2025-07-08 12:03:47 +09:00:     at listenInCluster (node:net:1996:12)
2025-07-08 12:03:47 +09:00:     at node:net:2205:7
2025-07-08 12:03:47 +09:00:     at process.processTicksAndRejections (node:internal/process/task_queues:90:21) {
2025-07-08 12:03:47 +09:00:   code: 'EADDRINUSE',
2025-07-08 12:03:47 +09:00:   errno: -98,
2025-07-08 12:03:47 +09:00:   syscall: 'listen',
2025-07-08 12:03:47 +09:00:   address: '0.0.0.0',
2025-07-08 12:03:47 +09:00:   port: 13001
2025-07-08 12:03:47 +09:00: }
2025-07-08 12:03:47 +09:00:  ⨯ Failed to start server
2025-07-08 12:03:47 +09:00: Error: listen EADDRINUSE: address already in use 0.0.0.0:13001
2025-07-08 12:03:47 +09:00:     at Server.setupListenHandle [as _listen2] (node:net:1939:16)
2025-07-08 12:03:47 +09:00:     at listenInCluster (node:net:1996:12)
2025-07-08 12:03:47 +09:00:     at node:net:2205:7
2025-07-08 12:03:47 +09:00:     at process.processTicksAndRejections (node:internal/process/task_queues:90:21) {
2025-07-08 12:03:47 +09:00:   code: 'EADDRINUSE',
2025-07-08 12:03:47 +09:00:   errno: -98,
2025-07-08 12:03:47 +09:00:   syscall: 'listen',
2025-07-08 12:03:47 +09:00:   address: '0.0.0.0',
2025-07-08 12:03:47 +09:00:   port: 13001
2025-07-08 12:03:47 +09:00: }
2025-07-08 12:03:48 +09:00:  ⨯ Failed to start server
2025-07-08 12:03:48 +09:00: Error: listen EADDRINUSE: address already in use 0.0.0.0:13001
2025-07-08 12:03:48 +09:00:     at Server.setupListenHandle [as _listen2] (node:net:1939:16)
2025-07-08 12:03:48 +09:00:     at listenInCluster (node:net:1996:12)
2025-07-08 12:03:48 +09:00:     at node:net:2205:7
2025-07-08 12:03:48 +09:00:     at process.processTicksAndRejections (node:internal/process/task_queues:90:21) {
2025-07-08 12:03:48 +09:00:   code: 'EADDRINUSE',
2025-07-08 12:03:48 +09:00:   errno: -98,
2025-07-08 12:03:48 +09:00:   syscall: 'listen',
2025-07-08 12:03:48 +09:00:   address: '0.0.0.0',
2025-07-08 12:03:48 +09:00:   port: 13001
2025-07-08 12:03:48 +09:00: }
2025-07-08 12:03:48 +09:00:  ⨯ Failed to start server
2025-07-08 12:03:48 +09:00: Error: listen EADDRINUSE: address already in use 0.0.0.0:13001
2025-07-08 12:03:48 +09:00:     at Server.setupListenHandle [as _listen2] (node:net:1939:16)
2025-07-08 12:03:48 +09:00:     at listenInCluster (node:net:1996:12)
2025-07-08 12:03:48 +09:00:     at node:net:2205:7
2025-07-08 12:03:48 +09:00:     at process.processTicksAndRejections (node:internal/process/task_queues:90:21) {
2025-07-08 12:03:48 +09:00:   code: 'EADDRINUSE',
2025-07-08 12:03:48 +09:00:   errno: -98,
2025-07-08 12:03:48 +09:00:   syscall: 'listen',
2025-07-08 12:03:48 +09:00:   address: '0.0.0.0',
2025-07-08 12:03:48 +09:00:   port: 13001
2025-07-08 12:03:48 +09:00: }
2025-07-08 12:03:49 +09:00:  ⨯ Failed to start server
2025-07-08 12:03:49 +09:00: Error: listen EADDRINUSE: address already in use 0.0.0.0:13001
2025-07-08 12:03:49 +09:00:     at Server.setupListenHandle [as _listen2] (node:net:1939:16)
2025-07-08 12:03:49 +09:00:     at listenInCluster (node:net:1996:12)
2025-07-08 12:03:49 +09:00:     at node:net:2205:7
2025-07-08 12:03:49 +09:00:     at process.processTicksAndRejections (node:internal/process/task_queues:90:21) {
2025-07-08 12:03:49 +09:00:   code: 'EADDRINUSE',
2025-07-08 12:03:49 +09:00:   errno: -98,
2025-07-08 12:03:49 +09:00:   syscall: 'listen',
2025-07-08 12:03:49 +09:00:   address: '0.0.0.0',
2025-07-08 12:03:49 +09:00:   port: 13001
2025-07-08 12:03:49 +09:00: }
2025-07-08 12:03:49 +09:00:  ⨯ Failed to start server
2025-07-08 12:03:49 +09:00: Error: listen EADDRINUSE: address already in use 0.0.0.0:13001
2025-07-08 12:03:49 +09:00:     at Server.setupListenHandle [as _listen2] (node:net:1939:16)
2025-07-08 12:03:49 +09:00:     at listenInCluster (node:net:1996:12)
2025-07-08 12:03:49 +09:00:     at node:net:2205:7
2025-07-08 12:03:49 +09:00:     at process.processTicksAndRejections (node:internal/process/task_queues:90:21) {
2025-07-08 12:03:49 +09:00:   code: 'EADDRINUSE',
2025-07-08 12:03:49 +09:00:   errno: -98,
2025-07-08 12:03:49 +09:00:   syscall: 'listen',
2025-07-08 12:03:49 +09:00:   address: '0.0.0.0',
2025-07-08 12:03:49 +09:00:   port: 13001
2025-07-08 12:03:49 +09:00: }
2025-07-08 12:03:50 +09:00:  ⨯ Failed to start server
2025-07-08 12:03:50 +09:00: Error: listen EADDRINUSE: address already in use 0.0.0.0:13001
2025-07-08 12:03:50 +09:00:     at Server.setupListenHandle [as _listen2] (node:net:1939:16)
2025-07-08 12:03:50 +09:00:     at listenInCluster (node:net:1996:12)
2025-07-08 12:03:50 +09:00:     at node:net:2205:7
2025-07-08 12:03:50 +09:00:     at process.processTicksAndRejections (node:internal/process/task_queues:90:21) {
2025-07-08 12:03:50 +09:00:   code: 'EADDRINUSE',
2025-07-08 12:03:50 +09:00:   errno: -98,
2025-07-08 12:03:50 +09:00:   syscall: 'listen',
2025-07-08 12:03:50 +09:00:   address: '0.0.0.0',
2025-07-08 12:03:50 +09:00:   port: 13001
2025-07-08 12:03:50 +09:00: }
2025-07-08 12:03:50 +09:00:  ⨯ Failed to start server
2025-07-08 12:03:50 +09:00: Error: listen EADDRINUSE: address already in use 0.0.0.0:13001
2025-07-08 12:03:50 +09:00:     at Server.setupListenHandle [as _listen2] (node:net:1939:16)
2025-07-08 12:03:50 +09:00:     at listenInCluster (node:net:1996:12)
2025-07-08 12:03:50 +09:00:     at node:net:2205:7
2025-07-08 12:03:50 +09:00:     at process.processTicksAndRejections (node:internal/process/task_queues:90:21) {
2025-07-08 12:03:50 +09:00:   code: 'EADDRINUSE',
2025-07-08 12:03:50 +09:00:   errno: -98,
2025-07-08 12:03:50 +09:00:   syscall: 'listen',
2025-07-08 12:03:50 +09:00:   address: '0.0.0.0',
2025-07-08 12:03:50 +09:00:   port: 13001
2025-07-08 12:03:50 +09:00: }
2025-07-08 12:03:50 +09:00:  ⨯ Failed to start server
2025-07-08 12:03:50 +09:00: Error: listen EADDRINUSE: address already in use 0.0.0.0:13001
2025-07-08 12:03:50 +09:00:     at Server.setupListenHandle [as _listen2] (node:net:1939:16)
2025-07-08 12:03:50 +09:00:     at listenInCluster (node:net:1996:12)
2025-07-08 12:03:50 +09:00:     at node:net:2205:7
2025-07-08 12:03:50 +09:00:     at process.processTicksAndRejections (node:internal/process/task_queues:90:21) {
2025-07-08 12:03:50 +09:00:   code: 'EADDRINUSE',
2025-07-08 12:03:50 +09:00:   errno: -98,
2025-07-08 12:03:50 +09:00:   syscall: 'listen',
2025-07-08 12:03:50 +09:00:   address: '0.0.0.0',
2025-07-08 12:03:50 +09:00:   port: 13001
2025-07-08 12:03:50 +09:00: }
2025-07-08 12:03:51 +09:00:  ⨯ Failed to start server
2025-07-08 12:03:51 +09:00: Error: listen EADDRINUSE: address already in use 0.0.0.0:13001
2025-07-08 12:03:51 +09:00:     at Server.setupListenHandle [as _listen2] (node:net:1939:16)
2025-07-08 12:03:51 +09:00:     at listenInCluster (node:net:1996:12)
2025-07-08 12:03:51 +09:00:     at node:net:2205:7
2025-07-08 12:03:51 +09:00:     at process.processTicksAndRejections (node:internal/process/task_queues:90:21) {
2025-07-08 12:03:51 +09:00:   code: 'EADDRINUSE',
2025-07-08 12:03:51 +09:00:   errno: -98,
2025-07-08 12:03:51 +09:00:   syscall: 'listen',
2025-07-08 12:03:51 +09:00:   address: '0.0.0.0',
2025-07-08 12:03:51 +09:00:   port: 13001
2025-07-08 12:03:51 +09:00: }
2025-07-08 12:12:58 +09:00:  ⨯ Failed to start server
2025-07-08 12:12:58 +09:00: Error: listen EADDRINUSE: address already in use 0.0.0.0:13001
2025-07-08 12:12:58 +09:00:     at Server.setupListenHandle [as _listen2] (node:net:1939:16)
2025-07-08 12:12:58 +09:00:     at listenInCluster (node:net:1996:12)
2025-07-08 12:12:58 +09:00:     at node:net:2205:7
2025-07-08 12:12:58 +09:00:     at process.processTicksAndRejections (node:internal/process/task_queues:90:21) {
2025-07-08 12:12:58 +09:00:   code: 'EADDRINUSE',
2025-07-08 12:12:58 +09:00:   errno: -98,
2025-07-08 12:12:58 +09:00:   syscall: 'listen',
2025-07-08 12:12:58 +09:00:   address: '0.0.0.0',
2025-07-08 12:12:58 +09:00:   port: 13001
2025-07-08 12:12:58 +09:00: }
2025-07-08 12:12:59 +09:00:  ⨯ Failed to start server
2025-07-08 12:12:59 +09:00: Error: listen EADDRINUSE: address already in use 0.0.0.0:13001
2025-07-08 12:12:59 +09:00:     at Server.setupListenHandle [as _listen2] (node:net:1939:16)
2025-07-08 12:12:59 +09:00:     at listenInCluster (node:net:1996:12)
2025-07-08 12:12:59 +09:00:     at node:net:2205:7
2025-07-08 12:12:59 +09:00:     at process.processTicksAndRejections (node:internal/process/task_queues:90:21) {
2025-07-08 12:12:59 +09:00:   code: 'EADDRINUSE',
2025-07-08 12:12:59 +09:00:   errno: -98,
2025-07-08 12:12:59 +09:00:   syscall: 'listen',
2025-07-08 12:12:59 +09:00:   address: '0.0.0.0',
2025-07-08 12:12:59 +09:00:   port: 13001
2025-07-08 12:12:59 +09:00: }
2025-07-08 12:12:59 +09:00:  ⨯ Failed to start server
2025-07-08 12:12:59 +09:00: Error: listen EADDRINUSE: address already in use 0.0.0.0:13001
2025-07-08 12:12:59 +09:00:     at Server.setupListenHandle [as _listen2] (node:net:1939:16)
2025-07-08 12:12:59 +09:00:     at listenInCluster (node:net:1996:12)
2025-07-08 12:12:59 +09:00:     at node:net:2205:7
2025-07-08 12:12:59 +09:00:     at process.processTicksAndRejections (node:internal/process/task_queues:90:21) {
2025-07-08 12:12:59 +09:00:   code: 'EADDRINUSE',
2025-07-08 12:12:59 +09:00:   errno: -98,
2025-07-08 12:12:59 +09:00:   syscall: 'listen',
2025-07-08 12:12:59 +09:00:   address: '0.0.0.0',
2025-07-08 12:12:59 +09:00:   port: 13001
2025-07-08 12:12:59 +09:00: }
2025-07-08 12:13:00 +09:00:  ⨯ Failed to start server
2025-07-08 12:13:00 +09:00: Error: listen EADDRINUSE: address already in use 0.0.0.0:13001
2025-07-08 12:13:00 +09:00:     at Server.setupListenHandle [as _listen2] (node:net:1939:16)
2025-07-08 12:13:00 +09:00:     at listenInCluster (node:net:1996:12)
2025-07-08 12:13:00 +09:00:     at node:net:2205:7
2025-07-08 12:13:00 +09:00:     at process.processTicksAndRejections (node:internal/process/task_queues:90:21) {
2025-07-08 12:13:00 +09:00:   code: 'EADDRINUSE',
2025-07-08 12:13:00 +09:00:   errno: -98,
2025-07-08 12:13:00 +09:00:   syscall: 'listen',
2025-07-08 12:13:00 +09:00:   address: '0.0.0.0',
2025-07-08 12:13:00 +09:00:   port: 13001
2025-07-08 12:13:00 +09:00: }
2025-07-08 12:13:00 +09:00:  ⨯ Failed to start server
2025-07-08 12:13:00 +09:00: Error: listen EADDRINUSE: address already in use 0.0.0.0:13001
2025-07-08 12:13:00 +09:00:     at Server.setupListenHandle [as _listen2] (node:net:1939:16)
2025-07-08 12:13:00 +09:00:     at listenInCluster (node:net:1996:12)
2025-07-08 12:13:00 +09:00:     at node:net:2205:7
2025-07-08 12:13:00 +09:00:     at process.processTicksAndRejections (node:internal/process/task_queues:90:21) {
2025-07-08 12:13:00 +09:00:   code: 'EADDRINUSE',
2025-07-08 12:13:00 +09:00:   errno: -98,
2025-07-08 12:13:00 +09:00:   syscall: 'listen',
2025-07-08 12:13:00 +09:00:   address: '0.0.0.0',
2025-07-08 12:13:00 +09:00:   port: 13001
2025-07-08 12:13:00 +09:00: }
2025-07-08 12:13:01 +09:00:  ⨯ Failed to start server
2025-07-08 12:13:01 +09:00: Error: listen EADDRINUSE: address already in use 0.0.0.0:13001
2025-07-08 12:13:01 +09:00:     at Server.setupListenHandle [as _listen2] (node:net:1939:16)
2025-07-08 12:13:01 +09:00:     at listenInCluster (node:net:1996:12)
2025-07-08 12:13:01 +09:00:     at node:net:2205:7
2025-07-08 12:13:01 +09:00:     at process.processTicksAndRejections (node:internal/process/task_queues:90:21) {
2025-07-08 12:13:01 +09:00:   code: 'EADDRINUSE',
2025-07-08 12:13:01 +09:00:   errno: -98,
2025-07-08 12:13:01 +09:00:   syscall: 'listen',
2025-07-08 12:13:01 +09:00:   address: '0.0.0.0',
2025-07-08 12:13:01 +09:00:   port: 13001
2025-07-08 12:13:01 +09:00: }
2025-07-08 12:13:01 +09:00:  ⨯ Failed to start server
2025-07-08 12:13:01 +09:00: Error: listen EADDRINUSE: address already in use 0.0.0.0:13001
2025-07-08 12:13:01 +09:00:     at Server.setupListenHandle [as _listen2] (node:net:1939:16)
2025-07-08 12:13:01 +09:00:     at listenInCluster (node:net:1996:12)
2025-07-08 12:13:01 +09:00:     at node:net:2205:7
2025-07-08 12:13:01 +09:00:     at process.processTicksAndRejections (node:internal/process/task_queues:90:21) {
2025-07-08 12:13:01 +09:00:   code: 'EADDRINUSE',
2025-07-08 12:13:01 +09:00:   errno: -98,
2025-07-08 12:13:01 +09:00:   syscall: 'listen',
2025-07-08 12:13:01 +09:00:   address: '0.0.0.0',
2025-07-08 12:13:01 +09:00:   port: 13001
2025-07-08 12:13:01 +09:00: }
2025-07-08 12:13:02 +09:00:  ⨯ Failed to start server
2025-07-08 12:13:02 +09:00: Error: listen EADDRINUSE: address already in use 0.0.0.0:13001
2025-07-08 12:13:02 +09:00:     at Server.setupListenHandle [as _listen2] (node:net:1939:16)
2025-07-08 12:13:02 +09:00:     at listenInCluster (node:net:1996:12)
2025-07-08 12:13:02 +09:00:     at node:net:2205:7
2025-07-08 12:13:02 +09:00:     at process.processTicksAndRejections (node:internal/process/task_queues:90:21) {
2025-07-08 12:13:02 +09:00:   code: 'EADDRINUSE',
2025-07-08 12:13:02 +09:00:   errno: -98,
2025-07-08 12:13:02 +09:00:   syscall: 'listen',
2025-07-08 12:13:02 +09:00:   address: '0.0.0.0',
2025-07-08 12:13:02 +09:00:   port: 13001
2025-07-08 12:13:02 +09:00: }
2025-07-08 12:13:02 +09:00:  ⨯ Failed to start server
2025-07-08 12:13:02 +09:00: Error: listen EADDRINUSE: address already in use 0.0.0.0:13001
2025-07-08 12:13:02 +09:00:     at Server.setupListenHandle [as _listen2] (node:net:1939:16)
2025-07-08 12:13:02 +09:00:     at listenInCluster (node:net:1996:12)
2025-07-08 12:13:02 +09:00:     at node:net:2205:7
2025-07-08 12:13:02 +09:00:     at process.processTicksAndRejections (node:internal/process/task_queues:90:21) {
2025-07-08 12:13:02 +09:00:   code: 'EADDRINUSE',
2025-07-08 12:13:02 +09:00:   errno: -98,
2025-07-08 12:13:02 +09:00:   syscall: 'listen',
2025-07-08 12:13:02 +09:00:   address: '0.0.0.0',
2025-07-08 12:13:02 +09:00:   port: 13001
2025-07-08 12:13:02 +09:00: }
2025-07-08 12:13:03 +09:00:  ⨯ Failed to start server
2025-07-08 12:13:03 +09:00: Error: listen EADDRINUSE: address already in use 0.0.0.0:13001
2025-07-08 12:13:03 +09:00:     at Server.setupListenHandle [as _listen2] (node:net:1939:16)
2025-07-08 12:13:03 +09:00:     at listenInCluster (node:net:1996:12)
2025-07-08 12:13:03 +09:00:     at node:net:2205:7
2025-07-08 12:13:03 +09:00:     at process.processTicksAndRejections (node:internal/process/task_queues:90:21) {
2025-07-08 12:13:03 +09:00:   code: 'EADDRINUSE',
2025-07-08 12:13:03 +09:00:   errno: -98,
2025-07-08 12:13:03 +09:00:   syscall: 'listen',
2025-07-08 12:13:03 +09:00:   address: '0.0.0.0',
2025-07-08 12:13:03 +09:00:   port: 13001
2025-07-08 12:13:03 +09:00: }
2025-07-08 12:13:03 +09:00:  ⨯ Failed to start server
2025-07-08 12:13:03 +09:00: Error: listen EADDRINUSE: address already in use 0.0.0.0:13001
2025-07-08 12:13:03 +09:00:     at Server.setupListenHandle [as _listen2] (node:net:1939:16)
2025-07-08 12:13:03 +09:00:     at listenInCluster (node:net:1996:12)
2025-07-08 12:13:03 +09:00:     at node:net:2205:7
2025-07-08 12:13:03 +09:00:     at process.processTicksAndRejections (node:internal/process/task_queues:90:21) {
2025-07-08 12:13:03 +09:00:   code: 'EADDRINUSE',
2025-07-08 12:13:03 +09:00:   errno: -98,
2025-07-08 12:13:03 +09:00:   syscall: 'listen',
2025-07-08 12:13:03 +09:00:   address: '0.0.0.0',
2025-07-08 12:13:03 +09:00:   port: 13001
2025-07-08 12:13:03 +09:00: }
2025-07-08 12:13:04 +09:00:  ⨯ Failed to start server
2025-07-08 12:13:04 +09:00: Error: listen EADDRINUSE: address already in use 0.0.0.0:13001
2025-07-08 12:13:04 +09:00:     at Server.setupListenHandle [as _listen2] (node:net:1939:16)
2025-07-08 12:13:04 +09:00:     at listenInCluster (node:net:1996:12)
2025-07-08 12:13:04 +09:00:     at node:net:2205:7
2025-07-08 12:13:04 +09:00:     at process.processTicksAndRejections (node:internal/process/task_queues:90:21) {
2025-07-08 12:13:04 +09:00:   code: 'EADDRINUSE',
2025-07-08 12:13:04 +09:00:   errno: -98,
2025-07-08 12:13:04 +09:00:   syscall: 'listen',
2025-07-08 12:13:04 +09:00:   address: '0.0.0.0',
2025-07-08 12:13:04 +09:00:   port: 13001
2025-07-08 12:13:04 +09:00: }
2025-07-08 12:13:04 +09:00:  ⨯ Failed to start server
2025-07-08 12:13:04 +09:00: Error: listen EADDRINUSE: address already in use 0.0.0.0:13001
2025-07-08 12:13:04 +09:00:     at Server.setupListenHandle [as _listen2] (node:net:1939:16)
2025-07-08 12:13:04 +09:00:     at listenInCluster (node:net:1996:12)
2025-07-08 12:13:04 +09:00:     at node:net:2205:7
2025-07-08 12:13:04 +09:00:     at process.processTicksAndRejections (node:internal/process/task_queues:90:21) {
2025-07-08 12:13:04 +09:00:   code: 'EADDRINUSE',
2025-07-08 12:13:04 +09:00:   errno: -98,
2025-07-08 12:13:04 +09:00:   syscall: 'listen',
2025-07-08 12:13:04 +09:00:   address: '0.0.0.0',
2025-07-08 12:13:04 +09:00:   port: 13001
2025-07-08 12:13:04 +09:00: }
2025-07-08 12:13:05 +09:00:  ⨯ Failed to start server
2025-07-08 12:13:05 +09:00: Error: listen EADDRINUSE: address already in use 0.0.0.0:13001
2025-07-08 12:13:05 +09:00:     at Server.setupListenHandle [as _listen2] (node:net:1939:16)
2025-07-08 12:13:05 +09:00:     at listenInCluster (node:net:1996:12)
2025-07-08 12:13:05 +09:00:     at node:net:2205:7
2025-07-08 12:13:05 +09:00:     at process.processTicksAndRejections (node:internal/process/task_queues:90:21) {
2025-07-08 12:13:05 +09:00:   code: 'EADDRINUSE',
2025-07-08 12:13:05 +09:00:   errno: -98,
2025-07-08 12:13:05 +09:00:   syscall: 'listen',
2025-07-08 12:13:05 +09:00:   address: '0.0.0.0',
2025-07-08 12:13:05 +09:00:   port: 13001
2025-07-08 12:13:05 +09:00: }
2025-07-08 12:13:05 +09:00:  ⨯ Failed to start server
2025-07-08 12:13:05 +09:00: Error: listen EADDRINUSE: address already in use 0.0.0.0:13001
2025-07-08 12:13:05 +09:00:     at Server.setupListenHandle [as _listen2] (node:net:1939:16)
2025-07-08 12:13:05 +09:00:     at listenInCluster (node:net:1996:12)
2025-07-08 12:13:05 +09:00:     at node:net:2205:7
2025-07-08 12:13:05 +09:00:     at process.processTicksAndRejections (node:internal/process/task_queues:90:21) {
2025-07-08 12:13:05 +09:00:   code: 'EADDRINUSE',
2025-07-08 12:13:05 +09:00:   errno: -98,
2025-07-08 12:13:05 +09:00:   syscall: 'listen',
2025-07-08 12:13:05 +09:00:   address: '0.0.0.0',
2025-07-08 12:13:05 +09:00:   port: 13001
2025-07-08 12:13:05 +09:00: }
2025-07-08 12:13:06 +09:00:  ⨯ Failed to start server
2025-07-08 12:13:06 +09:00: Error: listen EADDRINUSE: address already in use 0.0.0.0:13001
2025-07-08 12:13:06 +09:00:     at Server.setupListenHandle [as _listen2] (node:net:1939:16)
2025-07-08 12:13:06 +09:00:     at listenInCluster (node:net:1996:12)
2025-07-08 12:13:06 +09:00:     at node:net:2205:7
2025-07-08 12:13:06 +09:00:     at process.processTicksAndRejections (node:internal/process/task_queues:90:21) {
2025-07-08 12:13:06 +09:00:   code: 'EADDRINUSE',
2025-07-08 12:13:06 +09:00:   errno: -98,
2025-07-08 12:13:06 +09:00:   syscall: 'listen',
2025-07-08 12:13:06 +09:00:   address: '0.0.0.0',
2025-07-08 12:13:06 +09:00:   port: 13001
2025-07-08 12:13:06 +09:00: }
2025-07-08 12:14:46 +09:00:  ⨯ Failed to start server
2025-07-08 12:14:46 +09:00: Error: listen EADDRINUSE: address already in use 0.0.0.0:13001
2025-07-08 12:14:46 +09:00:     at Server.setupListenHandle [as _listen2] (node:net:1939:16)
2025-07-08 12:14:46 +09:00:     at listenInCluster (node:net:1996:12)
2025-07-08 12:14:46 +09:00:     at node:net:2205:7
2025-07-08 12:14:46 +09:00:     at process.processTicksAndRejections (node:internal/process/task_queues:90:21) {
2025-07-08 12:14:46 +09:00:   code: 'EADDRINUSE',
2025-07-08 12:14:46 +09:00:   errno: -98,
2025-07-08 12:14:46 +09:00:   syscall: 'listen',
2025-07-08 12:14:46 +09:00:   address: '0.0.0.0',
2025-07-08 12:14:46 +09:00:   port: 13001
2025-07-08 12:14:46 +09:00: }
2025-07-08 12:14:46 +09:00:  ⨯ Failed to start server
2025-07-08 12:14:46 +09:00: Error: listen EADDRINUSE: address already in use 0.0.0.0:13001
2025-07-08 12:14:46 +09:00:     at Server.setupListenHandle [as _listen2] (node:net:1939:16)
2025-07-08 12:14:46 +09:00:     at listenInCluster (node:net:1996:12)
2025-07-08 12:14:46 +09:00:     at node:net:2205:7
2025-07-08 12:14:46 +09:00:     at process.processTicksAndRejections (node:internal/process/task_queues:90:21) {
2025-07-08 12:14:46 +09:00:   code: 'EADDRINUSE',
2025-07-08 12:14:46 +09:00:   errno: -98,
2025-07-08 12:14:46 +09:00:   syscall: 'listen',
2025-07-08 12:14:46 +09:00:   address: '0.0.0.0',
2025-07-08 12:14:46 +09:00:   port: 13001
2025-07-08 12:14:46 +09:00: }
2025-07-08 12:14:47 +09:00:  ⨯ Failed to start server
2025-07-08 12:14:47 +09:00: Error: listen EADDRINUSE: address already in use 0.0.0.0:13001
2025-07-08 12:14:47 +09:00:     at Server.setupListenHandle [as _listen2] (node:net:1939:16)
2025-07-08 12:14:47 +09:00:     at listenInCluster (node:net:1996:12)
2025-07-08 12:14:47 +09:00:     at node:net:2205:7
2025-07-08 12:14:47 +09:00:     at process.processTicksAndRejections (node:internal/process/task_queues:90:21) {
2025-07-08 12:14:47 +09:00:   code: 'EADDRINUSE',
2025-07-08 12:14:47 +09:00:   errno: -98,
2025-07-08 12:14:47 +09:00:   syscall: 'listen',
2025-07-08 12:14:47 +09:00:   address: '0.0.0.0',
2025-07-08 12:14:47 +09:00:   port: 13001
2025-07-08 12:14:47 +09:00: }
2025-07-08 12:14:47 +09:00:  ⨯ Failed to start server
2025-07-08 12:14:47 +09:00: Error: listen EADDRINUSE: address already in use 0.0.0.0:13001
2025-07-08 12:14:47 +09:00:     at Server.setupListenHandle [as _listen2] (node:net:1939:16)
2025-07-08 12:14:47 +09:00:     at listenInCluster (node:net:1996:12)
2025-07-08 12:14:47 +09:00:     at node:net:2205:7
2025-07-08 12:14:47 +09:00:     at process.processTicksAndRejections (node:internal/process/task_queues:90:21) {
2025-07-08 12:14:47 +09:00:   code: 'EADDRINUSE',
2025-07-08 12:14:47 +09:00:   errno: -98,
2025-07-08 12:14:47 +09:00:   syscall: 'listen',
2025-07-08 12:14:47 +09:00:   address: '0.0.0.0',
2025-07-08 12:14:47 +09:00:   port: 13001
2025-07-08 12:14:47 +09:00: }
2025-07-08 12:14:48 +09:00:  ⨯ Failed to start server
2025-07-08 12:14:48 +09:00: Error: listen EADDRINUSE: address already in use 0.0.0.0:13001
2025-07-08 12:14:48 +09:00:     at Server.setupListenHandle [as _listen2] (node:net:1939:16)
2025-07-08 12:14:48 +09:00:     at listenInCluster (node:net:1996:12)
2025-07-08 12:14:48 +09:00:     at node:net:2205:7
2025-07-08 12:14:48 +09:00:     at process.processTicksAndRejections (node:internal/process/task_queues:90:21) {
2025-07-08 12:14:48 +09:00:   code: 'EADDRINUSE',
2025-07-08 12:14:48 +09:00:   errno: -98,
2025-07-08 12:14:48 +09:00:   syscall: 'listen',
2025-07-08 12:14:48 +09:00:   address: '0.0.0.0',
2025-07-08 12:14:48 +09:00:   port: 13001
2025-07-08 12:14:48 +09:00: }
2025-07-08 12:14:48 +09:00:  ⨯ Failed to start server
2025-07-08 12:14:48 +09:00: Error: listen EADDRINUSE: address already in use 0.0.0.0:13001
2025-07-08 12:14:48 +09:00:     at Server.setupListenHandle [as _listen2] (node:net:1939:16)
2025-07-08 12:14:48 +09:00:     at listenInCluster (node:net:1996:12)
2025-07-08 12:14:48 +09:00:     at node:net:2205:7
2025-07-08 12:14:48 +09:00:     at process.processTicksAndRejections (node:internal/process/task_queues:90:21) {
2025-07-08 12:14:48 +09:00:   code: 'EADDRINUSE',
2025-07-08 12:14:48 +09:00:   errno: -98,
2025-07-08 12:14:48 +09:00:   syscall: 'listen',
2025-07-08 12:14:48 +09:00:   address: '0.0.0.0',
2025-07-08 12:14:48 +09:00:   port: 13001
2025-07-08 12:14:48 +09:00: }
2025-07-08 12:14:49 +09:00:  ⨯ Failed to start server
2025-07-08 12:14:49 +09:00: Error: listen EADDRINUSE: address already in use 0.0.0.0:13001
2025-07-08 12:14:49 +09:00:     at Server.setupListenHandle [as _listen2] (node:net:1939:16)
2025-07-08 12:14:49 +09:00:     at listenInCluster (node:net:1996:12)
2025-07-08 12:14:49 +09:00:     at node:net:2205:7
2025-07-08 12:14:49 +09:00:     at process.processTicksAndRejections (node:internal/process/task_queues:90:21) {
2025-07-08 12:14:49 +09:00:   code: 'EADDRINUSE',
2025-07-08 12:14:49 +09:00:   errno: -98,
2025-07-08 12:14:49 +09:00:   syscall: 'listen',
2025-07-08 12:14:49 +09:00:   address: '0.0.0.0',
2025-07-08 12:14:49 +09:00:   port: 13001
2025-07-08 12:14:49 +09:00: }
2025-07-08 12:14:49 +09:00:  ⨯ Failed to start server
2025-07-08 12:14:49 +09:00: Error: listen EADDRINUSE: address already in use 0.0.0.0:13001
2025-07-08 12:14:49 +09:00:     at Server.setupListenHandle [as _listen2] (node:net:1939:16)
2025-07-08 12:14:49 +09:00:     at listenInCluster (node:net:1996:12)
2025-07-08 12:14:49 +09:00:     at node:net:2205:7
2025-07-08 12:14:49 +09:00:     at process.processTicksAndRejections (node:internal/process/task_queues:90:21) {
2025-07-08 12:14:49 +09:00:   code: 'EADDRINUSE',
2025-07-08 12:14:49 +09:00:   errno: -98,
2025-07-08 12:14:49 +09:00:   syscall: 'listen',
2025-07-08 12:14:49 +09:00:   address: '0.0.0.0',
2025-07-08 12:14:49 +09:00:   port: 13001
2025-07-08 12:14:49 +09:00: }
2025-07-08 12:14:50 +09:00:  ⨯ Failed to start server
2025-07-08 12:14:50 +09:00: Error: listen EADDRINUSE: address already in use 0.0.0.0:13001
2025-07-08 12:14:50 +09:00:     at Server.setupListenHandle [as _listen2] (node:net:1939:16)
2025-07-08 12:14:50 +09:00:     at listenInCluster (node:net:1996:12)
2025-07-08 12:14:50 +09:00:     at node:net:2205:7
2025-07-08 12:14:50 +09:00:     at process.processTicksAndRejections (node:internal/process/task_queues:90:21) {
2025-07-08 12:14:50 +09:00:   code: 'EADDRINUSE',
2025-07-08 12:14:50 +09:00:   errno: -98,
2025-07-08 12:14:50 +09:00:   syscall: 'listen',
2025-07-08 12:14:50 +09:00:   address: '0.0.0.0',
2025-07-08 12:14:50 +09:00:   port: 13001
2025-07-08 12:14:50 +09:00: }
2025-07-08 12:14:50 +09:00:  ⨯ Failed to start server
2025-07-08 12:14:50 +09:00: Error: listen EADDRINUSE: address already in use 0.0.0.0:13001
2025-07-08 12:14:50 +09:00:     at Server.setupListenHandle [as _listen2] (node:net:1939:16)
2025-07-08 12:14:50 +09:00:     at listenInCluster (node:net:1996:12)
2025-07-08 12:14:50 +09:00:     at node:net:2205:7
2025-07-08 12:14:50 +09:00:     at process.processTicksAndRejections (node:internal/process/task_queues:90:21) {
2025-07-08 12:14:50 +09:00:   code: 'EADDRINUSE',
2025-07-08 12:14:50 +09:00:   errno: -98,
2025-07-08 12:14:50 +09:00:   syscall: 'listen',
2025-07-08 12:14:50 +09:00:   address: '0.0.0.0',
2025-07-08 12:14:50 +09:00:   port: 13001
2025-07-08 12:14:50 +09:00: }
2025-07-08 12:14:51 +09:00:  ⨯ Failed to start server
2025-07-08 12:14:51 +09:00: Error: listen EADDRINUSE: address already in use 0.0.0.0:13001
2025-07-08 12:14:51 +09:00:     at Server.setupListenHandle [as _listen2] (node:net:1939:16)
2025-07-08 12:14:51 +09:00:     at listenInCluster (node:net:1996:12)
2025-07-08 12:14:51 +09:00:     at node:net:2205:7
2025-07-08 12:14:51 +09:00:     at process.processTicksAndRejections (node:internal/process/task_queues:90:21) {
2025-07-08 12:14:51 +09:00:   code: 'EADDRINUSE',
2025-07-08 12:14:51 +09:00:   errno: -98,
2025-07-08 12:14:51 +09:00:   syscall: 'listen',
2025-07-08 12:14:51 +09:00:   address: '0.0.0.0',
2025-07-08 12:14:51 +09:00:   port: 13001
2025-07-08 12:14:51 +09:00: }
2025-07-08 12:14:51 +09:00:  ⨯ Failed to start server
2025-07-08 12:14:51 +09:00: Error: listen EADDRINUSE: address already in use 0.0.0.0:13001
2025-07-08 12:14:51 +09:00:     at Server.setupListenHandle [as _listen2] (node:net:1939:16)
2025-07-08 12:14:51 +09:00:     at listenInCluster (node:net:1996:12)
2025-07-08 12:14:51 +09:00:     at node:net:2205:7
2025-07-08 12:14:51 +09:00:     at process.processTicksAndRejections (node:internal/process/task_queues:90:21) {
2025-07-08 12:14:51 +09:00:   code: 'EADDRINUSE',
2025-07-08 12:14:51 +09:00:   errno: -98,
2025-07-08 12:14:51 +09:00:   syscall: 'listen',
2025-07-08 12:14:51 +09:00:   address: '0.0.0.0',
2025-07-08 12:14:51 +09:00:   port: 13001
2025-07-08 12:14:51 +09:00: }
2025-07-08 12:14:52 +09:00:  ⨯ Failed to start server
2025-07-08 12:14:52 +09:00: Error: listen EADDRINUSE: address already in use 0.0.0.0:13001
2025-07-08 12:14:52 +09:00:     at Server.setupListenHandle [as _listen2] (node:net:1939:16)
2025-07-08 12:14:52 +09:00:     at listenInCluster (node:net:1996:12)
2025-07-08 12:14:52 +09:00:     at node:net:2205:7
2025-07-08 12:14:52 +09:00:     at process.processTicksAndRejections (node:internal/process/task_queues:90:21) {
2025-07-08 12:14:52 +09:00:   code: 'EADDRINUSE',
2025-07-08 12:14:52 +09:00:   errno: -98,
2025-07-08 12:14:52 +09:00:   syscall: 'listen',
2025-07-08 12:14:52 +09:00:   address: '0.0.0.0',
2025-07-08 12:14:52 +09:00:   port: 13001
2025-07-08 12:14:52 +09:00: }
2025-07-08 12:14:52 +09:00:  ⨯ Failed to start server
2025-07-08 12:14:52 +09:00: Error: listen EADDRINUSE: address already in use 0.0.0.0:13001
2025-07-08 12:14:52 +09:00:     at Server.setupListenHandle [as _listen2] (node:net:1939:16)
2025-07-08 12:14:52 +09:00:     at listenInCluster (node:net:1996:12)
2025-07-08 12:14:52 +09:00:     at node:net:2205:7
2025-07-08 12:14:52 +09:00:     at process.processTicksAndRejections (node:internal/process/task_queues:90:21) {
2025-07-08 12:14:52 +09:00:   code: 'EADDRINUSE',
2025-07-08 12:14:52 +09:00:   errno: -98,
2025-07-08 12:14:52 +09:00:   syscall: 'listen',
2025-07-08 12:14:52 +09:00:   address: '0.0.0.0',
2025-07-08 12:14:52 +09:00:   port: 13001
2025-07-08 12:14:52 +09:00: }
2025-07-08 12:14:52 +09:00:  ⨯ Failed to start server
2025-07-08 12:14:52 +09:00: Error: listen EADDRINUSE: address already in use 0.0.0.0:13001
2025-07-08 12:14:52 +09:00:     at Server.setupListenHandle [as _listen2] (node:net:1939:16)
2025-07-08 12:14:52 +09:00:     at listenInCluster (node:net:1996:12)
2025-07-08 12:14:52 +09:00:     at node:net:2205:7
2025-07-08 12:14:52 +09:00:     at process.processTicksAndRejections (node:internal/process/task_queues:90:21) {
2025-07-08 12:14:52 +09:00:   code: 'EADDRINUSE',
2025-07-08 12:14:52 +09:00:   errno: -98,
2025-07-08 12:14:52 +09:00:   syscall: 'listen',
2025-07-08 12:14:52 +09:00:   address: '0.0.0.0',
2025-07-08 12:14:52 +09:00:   port: 13001
2025-07-08 12:14:52 +09:00: }
2025-07-08 12:14:53 +09:00:  ⨯ Failed to start server
2025-07-08 12:14:53 +09:00: Error: listen EADDRINUSE: address already in use 0.0.0.0:13001
2025-07-08 12:14:53 +09:00:     at Server.setupListenHandle [as _listen2] (node:net:1939:16)
2025-07-08 12:14:53 +09:00:     at listenInCluster (node:net:1996:12)
2025-07-08 12:14:53 +09:00:     at node:net:2205:7
2025-07-08 12:14:53 +09:00:     at process.processTicksAndRejections (node:internal/process/task_queues:90:21) {
2025-07-08 12:14:53 +09:00:   code: 'EADDRINUSE',
2025-07-08 12:14:53 +09:00:   errno: -98,
2025-07-08 12:14:53 +09:00:   syscall: 'listen',
2025-07-08 12:14:53 +09:00:   address: '0.0.0.0',
2025-07-08 12:14:53 +09:00:   port: 13001
2025-07-08 12:14:53 +09:00: }
2025-07-08 12:21:19 +09:00:  ⨯ Failed to start server
2025-07-08 12:21:19 +09:00: Error: listen EADDRINUSE: address already in use 0.0.0.0:13001
2025-07-08 12:21:19 +09:00:     at Server.setupListenHandle [as _listen2] (node:net:1939:16)
2025-07-08 12:21:19 +09:00:     at listenInCluster (node:net:1996:12)
2025-07-08 12:21:19 +09:00:     at node:net:2205:7
2025-07-08 12:21:19 +09:00:     at process.processTicksAndRejections (node:internal/process/task_queues:90:21) {
2025-07-08 12:21:19 +09:00:   code: 'EADDRINUSE',
2025-07-08 12:21:19 +09:00:   errno: -98,
2025-07-08 12:21:19 +09:00:   syscall: 'listen',
2025-07-08 12:21:19 +09:00:   address: '0.0.0.0',
2025-07-08 12:21:19 +09:00:   port: 13001
2025-07-08 12:21:19 +09:00: }
2025-07-08 12:21:19 +09:00:  ⨯ Failed to start server
2025-07-08 12:21:19 +09:00: Error: listen EADDRINUSE: address already in use 0.0.0.0:13001
2025-07-08 12:21:19 +09:00:     at Server.setupListenHandle [as _listen2] (node:net:1939:16)
2025-07-08 12:21:19 +09:00:     at listenInCluster (node:net:1996:12)
2025-07-08 12:21:19 +09:00:     at node:net:2205:7
2025-07-08 12:21:19 +09:00:     at process.processTicksAndRejections (node:internal/process/task_queues:90:21) {
2025-07-08 12:21:19 +09:00:   code: 'EADDRINUSE',
2025-07-08 12:21:19 +09:00:   errno: -98,
2025-07-08 12:21:19 +09:00:   syscall: 'listen',
2025-07-08 12:21:19 +09:00:   address: '0.0.0.0',
2025-07-08 12:21:19 +09:00:   port: 13001
2025-07-08 12:21:19 +09:00: }
2025-07-08 12:21:20 +09:00:  ⨯ Failed to start server
2025-07-08 12:21:20 +09:00: Error: listen EADDRINUSE: address already in use 0.0.0.0:13001
2025-07-08 12:21:20 +09:00:     at Server.setupListenHandle [as _listen2] (node:net:1939:16)
2025-07-08 12:21:20 +09:00:     at listenInCluster (node:net:1996:12)
2025-07-08 12:21:20 +09:00:     at node:net:2205:7
2025-07-08 12:21:20 +09:00:     at process.processTicksAndRejections (node:internal/process/task_queues:90:21) {
2025-07-08 12:21:20 +09:00:   code: 'EADDRINUSE',
2025-07-08 12:21:20 +09:00:   errno: -98,
2025-07-08 12:21:20 +09:00:   syscall: 'listen',
2025-07-08 12:21:20 +09:00:   address: '0.0.0.0',
2025-07-08 12:21:20 +09:00:   port: 13001
2025-07-08 12:21:20 +09:00: }
2025-07-08 12:21:20 +09:00:  ⨯ Failed to start server
2025-07-08 12:21:20 +09:00: Error: listen EADDRINUSE: address already in use 0.0.0.0:13001
2025-07-08 12:21:20 +09:00:     at Server.setupListenHandle [as _listen2] (node:net:1939:16)
2025-07-08 12:21:20 +09:00:     at listenInCluster (node:net:1996:12)
2025-07-08 12:21:20 +09:00:     at node:net:2205:7
2025-07-08 12:21:20 +09:00:     at process.processTicksAndRejections (node:internal/process/task_queues:90:21) {
2025-07-08 12:21:20 +09:00:   code: 'EADDRINUSE',
2025-07-08 12:21:20 +09:00:   errno: -98,
2025-07-08 12:21:20 +09:00:   syscall: 'listen',
2025-07-08 12:21:20 +09:00:   address: '0.0.0.0',
2025-07-08 12:21:20 +09:00:   port: 13001
2025-07-08 12:21:20 +09:00: }
2025-07-08 12:21:21 +09:00:  ⨯ Failed to start server
2025-07-08 12:21:21 +09:00: Error: listen EADDRINUSE: address already in use 0.0.0.0:13001
2025-07-08 12:21:21 +09:00:     at Server.setupListenHandle [as _listen2] (node:net:1939:16)
2025-07-08 12:21:21 +09:00:     at listenInCluster (node:net:1996:12)
2025-07-08 12:21:21 +09:00:     at node:net:2205:7
2025-07-08 12:21:21 +09:00:     at process.processTicksAndRejections (node:internal/process/task_queues:90:21) {
2025-07-08 12:21:21 +09:00:   code: 'EADDRINUSE',
2025-07-08 12:21:21 +09:00:   errno: -98,
2025-07-08 12:21:21 +09:00:   syscall: 'listen',
2025-07-08 12:21:21 +09:00:   address: '0.0.0.0',
2025-07-08 12:21:21 +09:00:   port: 13001
2025-07-08 12:21:21 +09:00: }
2025-07-08 12:21:21 +09:00:  ⨯ Failed to start server
2025-07-08 12:21:21 +09:00: Error: listen EADDRINUSE: address already in use 0.0.0.0:13001
2025-07-08 12:21:21 +09:00:     at Server.setupListenHandle [as _listen2] (node:net:1939:16)
2025-07-08 12:21:21 +09:00:     at listenInCluster (node:net:1996:12)
2025-07-08 12:21:21 +09:00:     at node:net:2205:7
2025-07-08 12:21:21 +09:00:     at process.processTicksAndRejections (node:internal/process/task_queues:90:21) {
2025-07-08 12:21:21 +09:00:   code: 'EADDRINUSE',
2025-07-08 12:21:21 +09:00:   errno: -98,
2025-07-08 12:21:21 +09:00:   syscall: 'listen',
2025-07-08 12:21:21 +09:00:   address: '0.0.0.0',
2025-07-08 12:21:21 +09:00:   port: 13001
2025-07-08 12:21:21 +09:00: }
2025-07-08 12:21:22 +09:00:  ⨯ Failed to start server
2025-07-08 12:21:22 +09:00: Error: listen EADDRINUSE: address already in use 0.0.0.0:13001
2025-07-08 12:21:22 +09:00:     at Server.setupListenHandle [as _listen2] (node:net:1939:16)
2025-07-08 12:21:22 +09:00:     at listenInCluster (node:net:1996:12)
2025-07-08 12:21:22 +09:00:     at node:net:2205:7
2025-07-08 12:21:22 +09:00:     at process.processTicksAndRejections (node:internal/process/task_queues:90:21) {
2025-07-08 12:21:22 +09:00:   code: 'EADDRINUSE',
2025-07-08 12:21:22 +09:00:   errno: -98,
2025-07-08 12:21:22 +09:00:   syscall: 'listen',
2025-07-08 12:21:22 +09:00:   address: '0.0.0.0',
2025-07-08 12:21:22 +09:00:   port: 13001
2025-07-08 12:21:22 +09:00: }
2025-07-08 12:21:22 +09:00:  ⨯ Failed to start server
2025-07-08 12:21:22 +09:00: Error: listen EADDRINUSE: address already in use 0.0.0.0:13001
2025-07-08 12:21:22 +09:00:     at Server.setupListenHandle [as _listen2] (node:net:1939:16)
2025-07-08 12:21:22 +09:00:     at listenInCluster (node:net:1996:12)
2025-07-08 12:21:22 +09:00:     at node:net:2205:7
2025-07-08 12:21:22 +09:00:     at process.processTicksAndRejections (node:internal/process/task_queues:90:21) {
2025-07-08 12:21:22 +09:00:   code: 'EADDRINUSE',
2025-07-08 12:21:22 +09:00:   errno: -98,
2025-07-08 12:21:22 +09:00:   syscall: 'listen',
2025-07-08 12:21:22 +09:00:   address: '0.0.0.0',
2025-07-08 12:21:22 +09:00:   port: 13001
2025-07-08 12:21:22 +09:00: }
2025-07-08 12:21:23 +09:00:  ⨯ Failed to start server
2025-07-08 12:21:23 +09:00: Error: listen EADDRINUSE: address already in use 0.0.0.0:13001
2025-07-08 12:21:23 +09:00:     at Server.setupListenHandle [as _listen2] (node:net:1939:16)
2025-07-08 12:21:23 +09:00:     at listenInCluster (node:net:1996:12)
2025-07-08 12:21:23 +09:00:     at node:net:2205:7
2025-07-08 12:21:23 +09:00:     at process.processTicksAndRejections (node:internal/process/task_queues:90:21) {
2025-07-08 12:21:23 +09:00:   code: 'EADDRINUSE',
2025-07-08 12:21:23 +09:00:   errno: -98,
2025-07-08 12:21:23 +09:00:   syscall: 'listen',
2025-07-08 12:21:23 +09:00:   address: '0.0.0.0',
2025-07-08 12:21:23 +09:00:   port: 13001
2025-07-08 12:21:23 +09:00: }
2025-07-08 12:21:23 +09:00:  ⨯ Failed to start server
2025-07-08 12:21:23 +09:00: Error: listen EADDRINUSE: address already in use 0.0.0.0:13001
2025-07-08 12:21:23 +09:00:     at Server.setupListenHandle [as _listen2] (node:net:1939:16)
2025-07-08 12:21:23 +09:00:     at listenInCluster (node:net:1996:12)
2025-07-08 12:21:23 +09:00:     at node:net:2205:7
2025-07-08 12:21:23 +09:00:     at process.processTicksAndRejections (node:internal/process/task_queues:90:21) {
2025-07-08 12:21:23 +09:00:   code: 'EADDRINUSE',
2025-07-08 12:21:23 +09:00:   errno: -98,
2025-07-08 12:21:23 +09:00:   syscall: 'listen',
2025-07-08 12:21:23 +09:00:   address: '0.0.0.0',
2025-07-08 12:21:23 +09:00:   port: 13001
2025-07-08 12:21:23 +09:00: }
2025-07-08 12:21:24 +09:00:  ⨯ Failed to start server
2025-07-08 12:21:24 +09:00: Error: listen EADDRINUSE: address already in use 0.0.0.0:13001
2025-07-08 12:21:24 +09:00:     at Server.setupListenHandle [as _listen2] (node:net:1939:16)
2025-07-08 12:21:24 +09:00:     at listenInCluster (node:net:1996:12)
2025-07-08 12:21:24 +09:00:     at node:net:2205:7
2025-07-08 12:21:24 +09:00:     at process.processTicksAndRejections (node:internal/process/task_queues:90:21) {
2025-07-08 12:21:24 +09:00:   code: 'EADDRINUSE',
2025-07-08 12:21:24 +09:00:   errno: -98,
2025-07-08 12:21:24 +09:00:   syscall: 'listen',
2025-07-08 12:21:24 +09:00:   address: '0.0.0.0',
2025-07-08 12:21:24 +09:00:   port: 13001
2025-07-08 12:21:24 +09:00: }
2025-07-08 12:21:24 +09:00:  ⨯ Failed to start server
2025-07-08 12:21:24 +09:00: Error: listen EADDRINUSE: address already in use 0.0.0.0:13001
2025-07-08 12:21:24 +09:00:     at Server.setupListenHandle [as _listen2] (node:net:1939:16)
2025-07-08 12:21:24 +09:00:     at listenInCluster (node:net:1996:12)
2025-07-08 12:21:24 +09:00:     at node:net:2205:7
2025-07-08 12:21:24 +09:00:     at process.processTicksAndRejections (node:internal/process/task_queues:90:21) {
2025-07-08 12:21:24 +09:00:   code: 'EADDRINUSE',
2025-07-08 12:21:24 +09:00:   errno: -98,
2025-07-08 12:21:24 +09:00:   syscall: 'listen',
2025-07-08 12:21:24 +09:00:   address: '0.0.0.0',
2025-07-08 12:21:24 +09:00:   port: 13001
2025-07-08 12:21:24 +09:00: }
2025-07-08 12:21:25 +09:00:  ⨯ Failed to start server
2025-07-08 12:21:25 +09:00: Error: listen EADDRINUSE: address already in use 0.0.0.0:13001
2025-07-08 12:21:25 +09:00:     at Server.setupListenHandle [as _listen2] (node:net:1939:16)
2025-07-08 12:21:25 +09:00:     at listenInCluster (node:net:1996:12)
2025-07-08 12:21:25 +09:00:     at node:net:2205:7
2025-07-08 12:21:25 +09:00:     at process.processTicksAndRejections (node:internal/process/task_queues:90:21) {
2025-07-08 12:21:25 +09:00:   code: 'EADDRINUSE',
2025-07-08 12:21:25 +09:00:   errno: -98,
2025-07-08 12:21:25 +09:00:   syscall: 'listen',
2025-07-08 12:21:25 +09:00:   address: '0.0.0.0',
2025-07-08 12:21:25 +09:00:   port: 13001
2025-07-08 12:21:25 +09:00: }
2025-07-08 12:21:25 +09:00:  ⨯ Failed to start server
2025-07-08 12:21:25 +09:00: Error: listen EADDRINUSE: address already in use 0.0.0.0:13001
2025-07-08 12:21:25 +09:00:     at Server.setupListenHandle [as _listen2] (node:net:1939:16)
2025-07-08 12:21:25 +09:00:     at listenInCluster (node:net:1996:12)
2025-07-08 12:21:25 +09:00:     at node:net:2205:7
2025-07-08 12:21:25 +09:00:     at process.processTicksAndRejections (node:internal/process/task_queues:90:21) {
2025-07-08 12:21:25 +09:00:   code: 'EADDRINUSE',
2025-07-08 12:21:25 +09:00:   errno: -98,
2025-07-08 12:21:25 +09:00:   syscall: 'listen',
2025-07-08 12:21:25 +09:00:   address: '0.0.0.0',
2025-07-08 12:21:25 +09:00:   port: 13001
2025-07-08 12:21:25 +09:00: }
2025-07-08 12:21:26 +09:00:  ⨯ Failed to start server
2025-07-08 12:21:26 +09:00: Error: listen EADDRINUSE: address already in use 0.0.0.0:13001
2025-07-08 12:21:26 +09:00:     at Server.setupListenHandle [as _listen2] (node:net:1939:16)
2025-07-08 12:21:26 +09:00:     at listenInCluster (node:net:1996:12)
2025-07-08 12:21:26 +09:00:     at node:net:2205:7
2025-07-08 12:21:26 +09:00:     at process.processTicksAndRejections (node:internal/process/task_queues:90:21) {
2025-07-08 12:21:26 +09:00:   code: 'EADDRINUSE',
2025-07-08 12:21:26 +09:00:   errno: -98,
2025-07-08 12:21:26 +09:00:   syscall: 'listen',
2025-07-08 12:21:26 +09:00:   address: '0.0.0.0',
2025-07-08 12:21:26 +09:00:   port: 13001
2025-07-08 12:21:26 +09:00: }
2025-07-08 12:21:26 +09:00:  ⨯ Failed to start server
2025-07-08 12:21:26 +09:00: Error: listen EADDRINUSE: address already in use 0.0.0.0:13001
2025-07-08 12:21:26 +09:00:     at Server.setupListenHandle [as _listen2] (node:net:1939:16)
2025-07-08 12:21:26 +09:00:     at listenInCluster (node:net:1996:12)
2025-07-08 12:21:26 +09:00:     at node:net:2205:7
2025-07-08 12:21:26 +09:00:     at process.processTicksAndRejections (node:internal/process/task_queues:90:21) {
2025-07-08 12:21:26 +09:00:   code: 'EADDRINUSE',
2025-07-08 12:21:26 +09:00:   errno: -98,
2025-07-08 12:21:26 +09:00:   syscall: 'listen',
2025-07-08 12:21:26 +09:00:   address: '0.0.0.0',
2025-07-08 12:21:26 +09:00:   port: 13001
2025-07-08 12:21:26 +09:00: }
2025-07-08 12:29:55 +09:00:  ⨯ Failed to start server
2025-07-08 12:29:55 +09:00: Error: listen EADDRINUSE: address already in use 0.0.0.0:13001
2025-07-08 12:29:55 +09:00:     at Server.setupListenHandle [as _listen2] (node:net:1939:16)
2025-07-08 12:29:55 +09:00:     at listenInCluster (node:net:1996:12)
2025-07-08 12:29:55 +09:00:     at node:net:2205:7
2025-07-08 12:29:55 +09:00:     at process.processTicksAndRejections (node:internal/process/task_queues:90:21) {
2025-07-08 12:29:55 +09:00:   code: 'EADDRINUSE',
2025-07-08 12:29:55 +09:00:   errno: -98,
2025-07-08 12:29:55 +09:00:   syscall: 'listen',
2025-07-08 12:29:55 +09:00:   address: '0.0.0.0',
2025-07-08 12:29:55 +09:00:   port: 13001
2025-07-08 12:29:55 +09:00: }
2025-07-08 12:29:55 +09:00:  ⨯ Failed to start server
2025-07-08 12:29:55 +09:00: Error: listen EADDRINUSE: address already in use 0.0.0.0:13001
2025-07-08 12:29:55 +09:00:     at Server.setupListenHandle [as _listen2] (node:net:1939:16)
2025-07-08 12:29:55 +09:00:     at listenInCluster (node:net:1996:12)
2025-07-08 12:29:55 +09:00:     at node:net:2205:7
2025-07-08 12:29:55 +09:00:     at process.processTicksAndRejections (node:internal/process/task_queues:90:21) {
2025-07-08 12:29:55 +09:00:   code: 'EADDRINUSE',
2025-07-08 12:29:55 +09:00:   errno: -98,
2025-07-08 12:29:55 +09:00:   syscall: 'listen',
2025-07-08 12:29:55 +09:00:   address: '0.0.0.0',
2025-07-08 12:29:55 +09:00:   port: 13001
2025-07-08 12:29:55 +09:00: }
2025-07-08 12:29:55 +09:00:  ⨯ Failed to start server
2025-07-08 12:29:55 +09:00: Error: listen EADDRINUSE: address already in use 0.0.0.0:13001
2025-07-08 12:29:55 +09:00:     at Server.setupListenHandle [as _listen2] (node:net:1939:16)
2025-07-08 12:29:55 +09:00:     at listenInCluster (node:net:1996:12)
2025-07-08 12:29:55 +09:00:     at node:net:2205:7
2025-07-08 12:29:55 +09:00:     at process.processTicksAndRejections (node:internal/process/task_queues:90:21) {
2025-07-08 12:29:55 +09:00:   code: 'EADDRINUSE',
2025-07-08 12:29:55 +09:00:   errno: -98,
2025-07-08 12:29:55 +09:00:   syscall: 'listen',
2025-07-08 12:29:55 +09:00:   address: '0.0.0.0',
2025-07-08 12:29:55 +09:00:   port: 13001
2025-07-08 12:29:55 +09:00: }
2025-07-08 12:29:56 +09:00:  ⨯ Failed to start server
2025-07-08 12:29:56 +09:00: Error: listen EADDRINUSE: address already in use 0.0.0.0:13001
2025-07-08 12:29:56 +09:00:     at Server.setupListenHandle [as _listen2] (node:net:1939:16)
2025-07-08 12:29:56 +09:00:     at listenInCluster (node:net:1996:12)
2025-07-08 12:29:56 +09:00:     at node:net:2205:7
2025-07-08 12:29:56 +09:00:     at process.processTicksAndRejections (node:internal/process/task_queues:90:21) {
2025-07-08 12:29:56 +09:00:   code: 'EADDRINUSE',
2025-07-08 12:29:56 +09:00:   errno: -98,
2025-07-08 12:29:56 +09:00:   syscall: 'listen',
2025-07-08 12:29:56 +09:00:   address: '0.0.0.0',
2025-07-08 12:29:56 +09:00:   port: 13001
2025-07-08 12:29:56 +09:00: }
2025-07-08 12:29:56 +09:00:  ⨯ Failed to start server
2025-07-08 12:29:56 +09:00: Error: listen EADDRINUSE: address already in use 0.0.0.0:13001
2025-07-08 12:29:56 +09:00:     at Server.setupListenHandle [as _listen2] (node:net:1939:16)
2025-07-08 12:29:56 +09:00:     at listenInCluster (node:net:1996:12)
2025-07-08 12:29:56 +09:00:     at node:net:2205:7
2025-07-08 12:29:56 +09:00:     at process.processTicksAndRejections (node:internal/process/task_queues:90:21) {
2025-07-08 12:29:56 +09:00:   code: 'EADDRINUSE',
2025-07-08 12:29:56 +09:00:   errno: -98,
2025-07-08 12:29:56 +09:00:   syscall: 'listen',
2025-07-08 12:29:56 +09:00:   address: '0.0.0.0',
2025-07-08 12:29:56 +09:00:   port: 13001
2025-07-08 12:29:56 +09:00: }
2025-07-08 12:29:57 +09:00:  ⨯ Failed to start server
2025-07-08 12:29:57 +09:00: Error: listen EADDRINUSE: address already in use 0.0.0.0:13001
2025-07-08 12:29:57 +09:00:     at Server.setupListenHandle [as _listen2] (node:net:1939:16)
2025-07-08 12:29:57 +09:00:     at listenInCluster (node:net:1996:12)
2025-07-08 12:29:57 +09:00:     at node:net:2205:7
2025-07-08 12:29:57 +09:00:     at process.processTicksAndRejections (node:internal/process/task_queues:90:21) {
2025-07-08 12:29:57 +09:00:   code: 'EADDRINUSE',
2025-07-08 12:29:57 +09:00:   errno: -98,
2025-07-08 12:29:57 +09:00:   syscall: 'listen',
2025-07-08 12:29:57 +09:00:   address: '0.0.0.0',
2025-07-08 12:29:57 +09:00:   port: 13001
2025-07-08 12:29:57 +09:00: }
2025-07-08 12:29:57 +09:00:  ⨯ Failed to start server
2025-07-08 12:29:57 +09:00: Error: listen EADDRINUSE: address already in use 0.0.0.0:13001
2025-07-08 12:29:57 +09:00:     at Server.setupListenHandle [as _listen2] (node:net:1939:16)
2025-07-08 12:29:57 +09:00:     at listenInCluster (node:net:1996:12)
2025-07-08 12:29:57 +09:00:     at node:net:2205:7
2025-07-08 12:29:57 +09:00:     at process.processTicksAndRejections (node:internal/process/task_queues:90:21) {
2025-07-08 12:29:57 +09:00:   code: 'EADDRINUSE',
2025-07-08 12:29:57 +09:00:   errno: -98,
2025-07-08 12:29:57 +09:00:   syscall: 'listen',
2025-07-08 12:29:57 +09:00:   address: '0.0.0.0',
2025-07-08 12:29:57 +09:00:   port: 13001
2025-07-08 12:29:57 +09:00: }
2025-07-08 12:29:58 +09:00:  ⨯ Failed to start server
2025-07-08 12:29:58 +09:00: Error: listen EADDRINUSE: address already in use 0.0.0.0:13001
2025-07-08 12:29:58 +09:00:     at Server.setupListenHandle [as _listen2] (node:net:1939:16)
2025-07-08 12:29:58 +09:00:     at listenInCluster (node:net:1996:12)
2025-07-08 12:29:58 +09:00:     at node:net:2205:7
2025-07-08 12:29:58 +09:00:     at process.processTicksAndRejections (node:internal/process/task_queues:90:21) {
2025-07-08 12:29:58 +09:00:   code: 'EADDRINUSE',
2025-07-08 12:29:58 +09:00:   errno: -98,
2025-07-08 12:29:58 +09:00:   syscall: 'listen',
2025-07-08 12:29:58 +09:00:   address: '0.0.0.0',
2025-07-08 12:29:58 +09:00:   port: 13001
2025-07-08 12:29:58 +09:00: }
2025-07-08 12:29:58 +09:00:  ⨯ Failed to start server
2025-07-08 12:29:58 +09:00: Error: listen EADDRINUSE: address already in use 0.0.0.0:13001
2025-07-08 12:29:58 +09:00:     at Server.setupListenHandle [as _listen2] (node:net:1939:16)
2025-07-08 12:29:58 +09:00:     at listenInCluster (node:net:1996:12)
2025-07-08 12:29:58 +09:00:     at node:net:2205:7
2025-07-08 12:29:58 +09:00:     at process.processTicksAndRejections (node:internal/process/task_queues:90:21) {
2025-07-08 12:29:58 +09:00:   code: 'EADDRINUSE',
2025-07-08 12:29:58 +09:00:   errno: -98,
2025-07-08 12:29:58 +09:00:   syscall: 'listen',
2025-07-08 12:29:58 +09:00:   address: '0.0.0.0',
2025-07-08 12:29:58 +09:00:   port: 13001
2025-07-08 12:29:58 +09:00: }
2025-07-08 12:29:59 +09:00:  ⨯ Failed to start server
2025-07-08 12:29:59 +09:00: Error: listen EADDRINUSE: address already in use 0.0.0.0:13001
2025-07-08 12:29:59 +09:00:     at Server.setupListenHandle [as _listen2] (node:net:1939:16)
2025-07-08 12:29:59 +09:00:     at listenInCluster (node:net:1996:12)
2025-07-08 12:29:59 +09:00:     at node:net:2205:7
2025-07-08 12:29:59 +09:00:     at process.processTicksAndRejections (node:internal/process/task_queues:90:21) {
2025-07-08 12:29:59 +09:00:   code: 'EADDRINUSE',
2025-07-08 12:29:59 +09:00:   errno: -98,
2025-07-08 12:29:59 +09:00:   syscall: 'listen',
2025-07-08 12:29:59 +09:00:   address: '0.0.0.0',
2025-07-08 12:29:59 +09:00:   port: 13001
2025-07-08 12:29:59 +09:00: }
2025-07-08 12:29:59 +09:00:  ⨯ Failed to start server
2025-07-08 12:29:59 +09:00: Error: listen EADDRINUSE: address already in use 0.0.0.0:13001
2025-07-08 12:29:59 +09:00:     at Server.setupListenHandle [as _listen2] (node:net:1939:16)
2025-07-08 12:29:59 +09:00:     at listenInCluster (node:net:1996:12)
2025-07-08 12:29:59 +09:00:     at node:net:2205:7
2025-07-08 12:29:59 +09:00:     at process.processTicksAndRejections (node:internal/process/task_queues:90:21) {
2025-07-08 12:29:59 +09:00:   code: 'EADDRINUSE',
2025-07-08 12:29:59 +09:00:   errno: -98,
2025-07-08 12:29:59 +09:00:   syscall: 'listen',
2025-07-08 12:29:59 +09:00:   address: '0.0.0.0',
2025-07-08 12:29:59 +09:00:   port: 13001
2025-07-08 12:29:59 +09:00: }
2025-07-08 12:30:00 +09:00:  ⨯ Failed to start server
2025-07-08 12:30:00 +09:00: Error: listen EADDRINUSE: address already in use 0.0.0.0:13001
2025-07-08 12:30:00 +09:00:     at Server.setupListenHandle [as _listen2] (node:net:1939:16)
2025-07-08 12:30:00 +09:00:     at listenInCluster (node:net:1996:12)
2025-07-08 12:30:00 +09:00:     at node:net:2205:7
2025-07-08 12:30:00 +09:00:     at process.processTicksAndRejections (node:internal/process/task_queues:90:21) {
2025-07-08 12:30:00 +09:00:   code: 'EADDRINUSE',
2025-07-08 12:30:00 +09:00:   errno: -98,
2025-07-08 12:30:00 +09:00:   syscall: 'listen',
2025-07-08 12:30:00 +09:00:   address: '0.0.0.0',
2025-07-08 12:30:00 +09:00:   port: 13001
2025-07-08 12:30:00 +09:00: }
2025-07-08 12:30:00 +09:00:  ⨯ Failed to start server
2025-07-08 12:30:00 +09:00: Error: listen EADDRINUSE: address already in use 0.0.0.0:13001
2025-07-08 12:30:00 +09:00:     at Server.setupListenHandle [as _listen2] (node:net:1939:16)
2025-07-08 12:30:00 +09:00:     at listenInCluster (node:net:1996:12)
2025-07-08 12:30:00 +09:00:     at node:net:2205:7
2025-07-08 12:30:00 +09:00:     at process.processTicksAndRejections (node:internal/process/task_queues:90:21) {
2025-07-08 12:30:00 +09:00:   code: 'EADDRINUSE',
2025-07-08 12:30:00 +09:00:   errno: -98,
2025-07-08 12:30:00 +09:00:   syscall: 'listen',
2025-07-08 12:30:00 +09:00:   address: '0.0.0.0',
2025-07-08 12:30:00 +09:00:   port: 13001
2025-07-08 12:30:00 +09:00: }
2025-07-08 12:30:01 +09:00:  ⨯ Failed to start server
2025-07-08 12:30:01 +09:00: Error: listen EADDRINUSE: address already in use 0.0.0.0:13001
2025-07-08 12:30:01 +09:00:     at Server.setupListenHandle [as _listen2] (node:net:1939:16)
2025-07-08 12:30:01 +09:00:     at listenInCluster (node:net:1996:12)
2025-07-08 12:30:01 +09:00:     at node:net:2205:7
2025-07-08 12:30:01 +09:00:     at process.processTicksAndRejections (node:internal/process/task_queues:90:21) {
2025-07-08 12:30:01 +09:00:   code: 'EADDRINUSE',
2025-07-08 12:30:01 +09:00:   errno: -98,
2025-07-08 12:30:01 +09:00:   syscall: 'listen',
2025-07-08 12:30:01 +09:00:   address: '0.0.0.0',
2025-07-08 12:30:01 +09:00:   port: 13001
2025-07-08 12:30:01 +09:00: }
2025-07-08 12:30:01 +09:00:  ⨯ Failed to start server
2025-07-08 12:30:01 +09:00: Error: listen EADDRINUSE: address already in use 0.0.0.0:13001
2025-07-08 12:30:01 +09:00:     at Server.setupListenHandle [as _listen2] (node:net:1939:16)
2025-07-08 12:30:01 +09:00:     at listenInCluster (node:net:1996:12)
2025-07-08 12:30:01 +09:00:     at node:net:2205:7
2025-07-08 12:30:01 +09:00:     at process.processTicksAndRejections (node:internal/process/task_queues:90:21) {
2025-07-08 12:30:01 +09:00:   code: 'EADDRINUSE',
2025-07-08 12:30:01 +09:00:   errno: -98,
2025-07-08 12:30:01 +09:00:   syscall: 'listen',
2025-07-08 12:30:01 +09:00:   address: '0.0.0.0',
2025-07-08 12:30:01 +09:00:   port: 13001
2025-07-08 12:30:01 +09:00: }
2025-07-08 12:30:02 +09:00:  ⨯ Failed to start server
2025-07-08 12:30:02 +09:00: Error: listen EADDRINUSE: address already in use 0.0.0.0:13001
2025-07-08 12:30:02 +09:00:     at Server.setupListenHandle [as _listen2] (node:net:1939:16)
2025-07-08 12:30:02 +09:00:     at listenInCluster (node:net:1996:12)
2025-07-08 12:30:02 +09:00:     at node:net:2205:7
2025-07-08 12:30:02 +09:00:     at process.processTicksAndRejections (node:internal/process/task_queues:90:21) {
2025-07-08 12:30:02 +09:00:   code: 'EADDRINUSE',
2025-07-08 12:30:02 +09:00:   errno: -98,
2025-07-08 12:30:02 +09:00:   syscall: 'listen',
2025-07-08 12:30:02 +09:00:   address: '0.0.0.0',
2025-07-08 12:30:02 +09:00:   port: 13001
2025-07-08 12:30:02 +09:00: }
2025-07-08 13:15:16 +09:00:  ⨯ Failed to start server
2025-07-08 13:15:16 +09:00: Error: listen EADDRINUSE: address already in use 0.0.0.0:13001
2025-07-08 13:15:16 +09:00:     at Server.setupListenHandle [as _listen2] (node:net:1939:16)
2025-07-08 13:15:16 +09:00:     at listenInCluster (node:net:1996:12)
2025-07-08 13:15:16 +09:00:     at node:net:2205:7
2025-07-08 13:15:16 +09:00:     at process.processTicksAndRejections (node:internal/process/task_queues:90:21) {
2025-07-08 13:15:16 +09:00:   code: 'EADDRINUSE',
2025-07-08 13:15:16 +09:00:   errno: -98,
2025-07-08 13:15:16 +09:00:   syscall: 'listen',
2025-07-08 13:15:16 +09:00:   address: '0.0.0.0',
2025-07-08 13:15:16 +09:00:   port: 13001
2025-07-08 13:15:16 +09:00: }
2025-07-08 13:15:17 +09:00:  ⨯ Failed to start server
2025-07-08 13:15:17 +09:00: Error: listen EADDRINUSE: address already in use 0.0.0.0:13001
2025-07-08 13:15:17 +09:00:     at Server.setupListenHandle [as _listen2] (node:net:1939:16)
2025-07-08 13:15:17 +09:00:     at listenInCluster (node:net:1996:12)
2025-07-08 13:15:17 +09:00:     at node:net:2205:7
2025-07-08 13:15:17 +09:00:     at process.processTicksAndRejections (node:internal/process/task_queues:90:21) {
2025-07-08 13:15:17 +09:00:   code: 'EADDRINUSE',
2025-07-08 13:15:17 +09:00:   errno: -98,
2025-07-08 13:15:17 +09:00:   syscall: 'listen',
2025-07-08 13:15:17 +09:00:   address: '0.0.0.0',
2025-07-08 13:15:17 +09:00:   port: 13001
2025-07-08 13:15:17 +09:00: }
2025-07-08 13:15:17 +09:00:  ⨯ Failed to start server
2025-07-08 13:15:17 +09:00: Error: listen EADDRINUSE: address already in use 0.0.0.0:13001
2025-07-08 13:15:17 +09:00:     at Server.setupListenHandle [as _listen2] (node:net:1939:16)
2025-07-08 13:15:17 +09:00:     at listenInCluster (node:net:1996:12)
2025-07-08 13:15:17 +09:00:     at node:net:2205:7
2025-07-08 13:15:17 +09:00:     at process.processTicksAndRejections (node:internal/process/task_queues:90:21) {
2025-07-08 13:15:17 +09:00:   code: 'EADDRINUSE',
2025-07-08 13:15:17 +09:00:   errno: -98,
2025-07-08 13:15:17 +09:00:   syscall: 'listen',
2025-07-08 13:15:17 +09:00:   address: '0.0.0.0',
2025-07-08 13:15:17 +09:00:   port: 13001
2025-07-08 13:15:17 +09:00: }
2025-07-08 13:15:18 +09:00:  ⨯ Failed to start server
2025-07-08 13:15:18 +09:00: Error: listen EADDRINUSE: address already in use 0.0.0.0:13001
2025-07-08 13:15:18 +09:00:     at Server.setupListenHandle [as _listen2] (node:net:1939:16)
2025-07-08 13:15:18 +09:00:     at listenInCluster (node:net:1996:12)
2025-07-08 13:15:18 +09:00:     at node:net:2205:7
2025-07-08 13:15:18 +09:00:     at process.processTicksAndRejections (node:internal/process/task_queues:90:21) {
2025-07-08 13:15:18 +09:00:   code: 'EADDRINUSE',
2025-07-08 13:15:18 +09:00:   errno: -98,
2025-07-08 13:15:18 +09:00:   syscall: 'listen',
2025-07-08 13:15:18 +09:00:   address: '0.0.0.0',
2025-07-08 13:15:18 +09:00:   port: 13001
2025-07-08 13:15:18 +09:00: }
2025-07-08 13:15:18 +09:00:  ⨯ Failed to start server
2025-07-08 13:15:18 +09:00: Error: listen EADDRINUSE: address already in use 0.0.0.0:13001
2025-07-08 13:15:18 +09:00:     at Server.setupListenHandle [as _listen2] (node:net:1939:16)
2025-07-08 13:15:18 +09:00:     at listenInCluster (node:net:1996:12)
2025-07-08 13:15:18 +09:00:     at node:net:2205:7
2025-07-08 13:15:18 +09:00:     at process.processTicksAndRejections (node:internal/process/task_queues:90:21) {
2025-07-08 13:15:18 +09:00:   code: 'EADDRINUSE',
2025-07-08 13:15:18 +09:00:   errno: -98,
2025-07-08 13:15:18 +09:00:   syscall: 'listen',
2025-07-08 13:15:18 +09:00:   address: '0.0.0.0',
2025-07-08 13:15:18 +09:00:   port: 13001
2025-07-08 13:15:18 +09:00: }
2025-07-08 13:15:19 +09:00:  ⨯ Failed to start server
2025-07-08 13:15:19 +09:00: Error: listen EADDRINUSE: address already in use 0.0.0.0:13001
2025-07-08 13:15:19 +09:00:     at Server.setupListenHandle [as _listen2] (node:net:1939:16)
2025-07-08 13:15:19 +09:00:     at listenInCluster (node:net:1996:12)
2025-07-08 13:15:19 +09:00:     at node:net:2205:7
2025-07-08 13:15:19 +09:00:     at process.processTicksAndRejections (node:internal/process/task_queues:90:21) {
2025-07-08 13:15:19 +09:00:   code: 'EADDRINUSE',
2025-07-08 13:15:19 +09:00:   errno: -98,
2025-07-08 13:15:19 +09:00:   syscall: 'listen',
2025-07-08 13:15:19 +09:00:   address: '0.0.0.0',
2025-07-08 13:15:19 +09:00:   port: 13001
2025-07-08 13:15:19 +09:00: }
2025-07-08 13:15:19 +09:00:  ⨯ Failed to start server
2025-07-08 13:15:19 +09:00: Error: listen EADDRINUSE: address already in use 0.0.0.0:13001
2025-07-08 13:15:19 +09:00:     at Server.setupListenHandle [as _listen2] (node:net:1939:16)
2025-07-08 13:15:19 +09:00:     at listenInCluster (node:net:1996:12)
2025-07-08 13:15:19 +09:00:     at node:net:2205:7
2025-07-08 13:15:19 +09:00:     at process.processTicksAndRejections (node:internal/process/task_queues:90:21) {
2025-07-08 13:15:19 +09:00:   code: 'EADDRINUSE',
2025-07-08 13:15:19 +09:00:   errno: -98,
2025-07-08 13:15:19 +09:00:   syscall: 'listen',
2025-07-08 13:15:19 +09:00:   address: '0.0.0.0',
2025-07-08 13:15:19 +09:00:   port: 13001
2025-07-08 13:15:19 +09:00: }
2025-07-08 13:15:20 +09:00:  ⨯ Failed to start server
2025-07-08 13:15:20 +09:00: Error: listen EADDRINUSE: address already in use 0.0.0.0:13001
2025-07-08 13:15:20 +09:00:     at Server.setupListenHandle [as _listen2] (node:net:1939:16)
2025-07-08 13:15:20 +09:00:     at listenInCluster (node:net:1996:12)
2025-07-08 13:15:20 +09:00:     at node:net:2205:7
2025-07-08 13:15:20 +09:00:     at process.processTicksAndRejections (node:internal/process/task_queues:90:21) {
2025-07-08 13:15:20 +09:00:   code: 'EADDRINUSE',
2025-07-08 13:15:20 +09:00:   errno: -98,
2025-07-08 13:15:20 +09:00:   syscall: 'listen',
2025-07-08 13:15:20 +09:00:   address: '0.0.0.0',
2025-07-08 13:15:20 +09:00:   port: 13001
2025-07-08 13:15:20 +09:00: }
2025-07-08 13:15:20 +09:00:  ⨯ Failed to start server
2025-07-08 13:15:20 +09:00: Error: listen EADDRINUSE: address already in use 0.0.0.0:13001
2025-07-08 13:15:20 +09:00:     at Server.setupListenHandle [as _listen2] (node:net:1939:16)
2025-07-08 13:15:20 +09:00:     at listenInCluster (node:net:1996:12)
2025-07-08 13:15:20 +09:00:     at node:net:2205:7
2025-07-08 13:15:20 +09:00:     at process.processTicksAndRejections (node:internal/process/task_queues:90:21) {
2025-07-08 13:15:20 +09:00:   code: 'EADDRINUSE',
2025-07-08 13:15:20 +09:00:   errno: -98,
2025-07-08 13:15:20 +09:00:   syscall: 'listen',
2025-07-08 13:15:20 +09:00:   address: '0.0.0.0',
2025-07-08 13:15:20 +09:00:   port: 13001
2025-07-08 13:15:20 +09:00: }
2025-07-08 13:15:21 +09:00:  ⨯ Failed to start server
2025-07-08 13:15:21 +09:00: Error: listen EADDRINUSE: address already in use 0.0.0.0:13001
2025-07-08 13:15:21 +09:00:     at Server.setupListenHandle [as _listen2] (node:net:1939:16)
2025-07-08 13:15:21 +09:00:     at listenInCluster (node:net:1996:12)
2025-07-08 13:15:21 +09:00:     at node:net:2205:7
2025-07-08 13:15:21 +09:00:     at process.processTicksAndRejections (node:internal/process/task_queues:90:21) {
2025-07-08 13:15:21 +09:00:   code: 'EADDRINUSE',
2025-07-08 13:15:21 +09:00:   errno: -98,
2025-07-08 13:15:21 +09:00:   syscall: 'listen',
2025-07-08 13:15:21 +09:00:   address: '0.0.0.0',
2025-07-08 13:15:21 +09:00:   port: 13001
2025-07-08 13:15:21 +09:00: }
2025-07-08 13:15:21 +09:00:  ⨯ Failed to start server
2025-07-08 13:15:21 +09:00: Error: listen EADDRINUSE: address already in use 0.0.0.0:13001
2025-07-08 13:15:21 +09:00:     at Server.setupListenHandle [as _listen2] (node:net:1939:16)
2025-07-08 13:15:21 +09:00:     at listenInCluster (node:net:1996:12)
2025-07-08 13:15:21 +09:00:     at node:net:2205:7
2025-07-08 13:15:21 +09:00:     at process.processTicksAndRejections (node:internal/process/task_queues:90:21) {
2025-07-08 13:15:21 +09:00:   code: 'EADDRINUSE',
2025-07-08 13:15:21 +09:00:   errno: -98,
2025-07-08 13:15:21 +09:00:   syscall: 'listen',
2025-07-08 13:15:21 +09:00:   address: '0.0.0.0',
2025-07-08 13:15:21 +09:00:   port: 13001
2025-07-08 13:15:21 +09:00: }
2025-07-08 13:15:22 +09:00:  ⨯ Failed to start server
2025-07-08 13:15:22 +09:00: Error: listen EADDRINUSE: address already in use 0.0.0.0:13001
2025-07-08 13:15:22 +09:00:     at Server.setupListenHandle [as _listen2] (node:net:1939:16)
2025-07-08 13:15:22 +09:00:     at listenInCluster (node:net:1996:12)
2025-07-08 13:15:22 +09:00:     at node:net:2205:7
2025-07-08 13:15:22 +09:00:     at process.processTicksAndRejections (node:internal/process/task_queues:90:21) {
2025-07-08 13:15:22 +09:00:   code: 'EADDRINUSE',
2025-07-08 13:15:22 +09:00:   errno: -98,
2025-07-08 13:15:22 +09:00:   syscall: 'listen',
2025-07-08 13:15:22 +09:00:   address: '0.0.0.0',
2025-07-08 13:15:22 +09:00:   port: 13001
2025-07-08 13:15:22 +09:00: }
2025-07-08 13:15:22 +09:00:  ⨯ Failed to start server
2025-07-08 13:15:22 +09:00: Error: listen EADDRINUSE: address already in use 0.0.0.0:13001
2025-07-08 13:15:22 +09:00:     at Server.setupListenHandle [as _listen2] (node:net:1939:16)
2025-07-08 13:15:22 +09:00:     at listenInCluster (node:net:1996:12)
2025-07-08 13:15:22 +09:00:     at node:net:2205:7
2025-07-08 13:15:22 +09:00:     at process.processTicksAndRejections (node:internal/process/task_queues:90:21) {
2025-07-08 13:15:22 +09:00:   code: 'EADDRINUSE',
2025-07-08 13:15:22 +09:00:   errno: -98,
2025-07-08 13:15:22 +09:00:   syscall: 'listen',
2025-07-08 13:15:22 +09:00:   address: '0.0.0.0',
2025-07-08 13:15:22 +09:00:   port: 13001
2025-07-08 13:15:22 +09:00: }
2025-07-08 13:15:23 +09:00:  ⨯ Failed to start server
2025-07-08 13:15:23 +09:00: Error: listen EADDRINUSE: address already in use 0.0.0.0:13001
2025-07-08 13:15:23 +09:00:     at Server.setupListenHandle [as _listen2] (node:net:1939:16)
2025-07-08 13:15:23 +09:00:     at listenInCluster (node:net:1996:12)
2025-07-08 13:15:23 +09:00:     at node:net:2205:7
2025-07-08 13:15:23 +09:00:     at process.processTicksAndRejections (node:internal/process/task_queues:90:21) {
2025-07-08 13:15:23 +09:00:   code: 'EADDRINUSE',
2025-07-08 13:15:23 +09:00:   errno: -98,
2025-07-08 13:15:23 +09:00:   syscall: 'listen',
2025-07-08 13:15:23 +09:00:   address: '0.0.0.0',
2025-07-08 13:15:23 +09:00:   port: 13001
2025-07-08 13:15:23 +09:00: }
2025-07-08 13:15:23 +09:00:  ⨯ Failed to start server
2025-07-08 13:15:23 +09:00: Error: listen EADDRINUSE: address already in use 0.0.0.0:13001
2025-07-08 13:15:23 +09:00:     at Server.setupListenHandle [as _listen2] (node:net:1939:16)
2025-07-08 13:15:23 +09:00:     at listenInCluster (node:net:1996:12)
2025-07-08 13:15:23 +09:00:     at node:net:2205:7
2025-07-08 13:15:23 +09:00:     at process.processTicksAndRejections (node:internal/process/task_queues:90:21) {
2025-07-08 13:15:23 +09:00:   code: 'EADDRINUSE',
2025-07-08 13:15:23 +09:00:   errno: -98,
2025-07-08 13:15:23 +09:00:   syscall: 'listen',
2025-07-08 13:15:23 +09:00:   address: '0.0.0.0',
2025-07-08 13:15:23 +09:00:   port: 13001
2025-07-08 13:15:23 +09:00: }
2025-07-08 13:15:24 +09:00:  ⨯ Failed to start server
2025-07-08 13:15:24 +09:00: Error: listen EADDRINUSE: address already in use 0.0.0.0:13001
2025-07-08 13:15:24 +09:00:     at Server.setupListenHandle [as _listen2] (node:net:1939:16)
2025-07-08 13:15:24 +09:00:     at listenInCluster (node:net:1996:12)
2025-07-08 13:15:24 +09:00:     at node:net:2205:7
2025-07-08 13:15:24 +09:00:     at process.processTicksAndRejections (node:internal/process/task_queues:90:21) {
2025-07-08 13:15:24 +09:00:   code: 'EADDRINUSE',
2025-07-08 13:15:24 +09:00:   errno: -98,
2025-07-08 13:15:24 +09:00:   syscall: 'listen',
2025-07-08 13:15:24 +09:00:   address: '0.0.0.0',
2025-07-08 13:15:24 +09:00:   port: 13001
2025-07-08 13:15:24 +09:00: }
