2025-07-08 10:19:42 +09:00: 🚀 자동 뉴스 크롤러 시작
2025-07-08 10:19:42 +09:00: 📅 스케줄: 매시간 정각에 실행
2025-07-08 10:19:42 +09:00: 🎯 대상: Soompi 뉴스 (QUIZ:, soompi 키워드 제외)
2025-07-08 10:19:42 +09:00: ⏳ 스케줄러 활성화됨. 다음 정각을 기다리는 중...
2025-07-08 10:19:42 +09:00: 💡 즉시 테스트: node -e "require('./auto-crawler.js').runCrawling()"
2025-07-08 10:20:43 +09:00: 
🛑 자동 크롤러 종료
2025-07-08 10:20:44 +09:00: 🚀 자동 뉴스 크롤러 시작
2025-07-08 10:20:44 +09:00: 📅 스케줄: 매시간 정각에 실행
2025-07-08 10:20:44 +09:00: 🎯 대상: Soompi 뉴스 (QUIZ:, soompi 키워드 제외)
2025-07-08 10:20:44 +09:00: ⏳ 스케줄러 활성화됨. 다음 정각을 기다리는 중...
2025-07-08 10:20:44 +09:00: 💡 즉시 테스트: node -e "require('./auto-crawler.js').runCrawling()"
2025-07-08 10:21:10 +09:00: 
🛑 자동 크롤러 종료
2025-07-08 10:21:10 +09:00: 🚀 자동 뉴스 크롤러 시작
2025-07-08 10:21:10 +09:00: 📅 스케줄: 매시간 정각에 실행
2025-07-08 10:21:10 +09:00: 🎯 대상: Soompi 뉴스 (QUIZ:, soompi 키워드 제외)
2025-07-08 10:21:10 +09:00: ⏳ 스케줄러 활성화됨. 다음 정각을 기다리는 중...
2025-07-08 10:21:10 +09:00: 💡 즉시 테스트: node -e "require('./auto-crawler.js').runCrawling()"
2025-07-08 11:00:00 +09:00: ⏰ [2025. 7. 8. 오전 11:00:00] 자동 크롤링 시작...
2025-07-08 11:00:00 +09:00: 
2025-07-08 11:00:00 +09:00: 🛑 자동 크롤러 종료
2025-07-08 11:00:00 +09:00: 🚀 자동 뉴스 크롤러 시작
2025-07-08 11:00:00 +09:00: 📅 스케줄: 매시간 정각에 실행
2025-07-08 11:00:00 +09:00: 🎯 대상: Soompi 뉴스 (QUIZ:, soompi 키워드 제외)
2025-07-08 11:00:00 +09:00: ⏳ 스케줄러 활성화됨. 다음 정각을 기다리는 중...
2025-07-08 11:00:00 +09:00: 💡 즉시 테스트: node -e "require('./auto-crawler.js').runCrawling()"
2025-07-08 12:00:00 +09:00: ⏰ [2025. 7. 8. 오후 12:00:00] 자동 크롤링 시작...
2025-07-08 12:00:00 +09:00: 
2025-07-08 12:00:00 +09:00: 🛑 자동 크롤러 종료
2025-07-08 12:00:00 +09:00: 🚀 자동 뉴스 크롤러 시작
2025-07-08 12:00:00 +09:00: 📅 스케줄: 매시간 정각에 실행
2025-07-08 12:00:00 +09:00: 🎯 대상: Soompi 뉴스 (QUIZ:, soompi 키워드 제외)
2025-07-08 12:00:00 +09:00: ⏳ 스케줄러 활성화됨. 다음 정각을 기다리는 중...
2025-07-08 12:00:00 +09:00: 💡 즉시 테스트: node -e "require('./auto-crawler.js').runCrawling()"
2025-07-08 13:00:00 +09:00: ⏰ [2025. 7. 8. 오후 1:00:00] 자동 크롤링 시작...
2025-07-08 13:00:00 +09:00: 
2025-07-08 13:00:00 +09:00: 🛑 자동 크롤러 종료
2025-07-08 13:00:00 +09:00: 🚀 자동 뉴스 크롤러 시작
2025-07-08 13:00:00 +09:00: 📅 스케줄: 매시간 정각에 실행
2025-07-08 13:00:00 +09:00: 🎯 대상: Soompi 뉴스 (QUIZ:, soompi 키워드 제외)
2025-07-08 13:00:00 +09:00: ⏳ 스케줄러 활성화됨. 다음 정각을 기다리는 중...
2025-07-08 13:00:00 +09:00: 💡 즉시 테스트: node -e "require('./auto-crawler.js').runCrawling()"
