2026-03-03 14:24:52: [2026-03-03T05:24:52.591Z] Seed reactions cron started
2026-03-03 14:25:24: [2026-03-03T05:25:24.631Z] Seed reactions cron started
2026-03-03 14:25:24: Found 6 unseeded articles
2026-03-03 14:25:24: Seeded 6 articles. Tone: {"celebration":1,"default":4,"excitement":1}
2026-03-03 14:25:24:   [448] test
2026-03-03 14:25:24:   [207] test
2026-03-03 14:25:24:   [341] Ju Ji Hoon Transforms Into A Prosecutor Who Will Do Any
2026-03-03 18:00:00: [2026-03-03T09:00:00.456Z] Seed reactions cron started
2026-03-03 18:00:00: No unseeded articles found. Done.
2026-03-04 18:00:00: [2026-03-04T09:00:00.526Z] Seed reactions cron started
2026-03-04 18:00:00: No unseeded articles found. Done.
2026-03-05 00:00:01: [2026-03-04T15:00:01.515Z] Seed reactions cron started
2026-03-05 00:00:01: No unseeded articles found. Done.
2026-03-05 06:00:00: [2026-03-04T21:00:00.555Z] Seed reactions cron started
2026-03-05 06:00:00: No unseeded articles found. Done.
2026-03-05 12:00:00: [2026-03-05T03:00:00.617Z] Seed reactions cron started
2026-03-05 12:00:00: No unseeded articles found. Done.
2026-03-05 18:00:00: [2026-03-05T09:00:00.524Z] Seed reactions cron started
2026-03-05 18:00:00: No unseeded articles found. Done.
2026-03-06 00:02:03: [2026-03-05T15:02:03.761Z] Seed reactions cron started
2026-03-06 00:02:03: No unseeded articles found. Done.
2026-03-06 06:00:02: [2026-03-05T21:00:02.007Z] Seed reactions cron started
2026-03-06 06:00:02: No unseeded articles found. Done.
2026-03-06 12:00:00: [2026-03-06T03:00:00.529Z] Seed reactions cron started
2026-03-06 12:00:00: [2026-03-06T03:00:00.529Z] Seed reactions cron started
2026-03-06 12:00:00: No unseeded articles found. Done.
2026-03-06 12:00:00: No unseeded articles found. Done.
2026-03-06 18:00:00: [2026-03-06T09:00:00.660Z] Seed reactions cron started
2026-03-06 18:00:00: No unseeded articles found. Done.
